<?xml version="1.0" encoding="UTF-8"?>
<!-- Generated by org.testng.reporters.JUnitXMLReporter -->
<testsuite hostname="DESKTOP-MCLVAPU" ignored="3" tests="1" failures="1" timestamp="30 Aug 2021 13:31:38 GMT" time="0.046" errors="0">
  <testcase name="testMainPageLoadedCorrectly" time="0.015" classname="ZulaTest">
    <failure type="java.lang.NullPointerException">
      <![CDATA[java.lang.NullPointerException
at pages.ZulaMainMenuPage.setCharacterName(ZulaMainMenuPage.java:39)
at ZulaTest.testMainPageLoadedCorrectly(ZulaTest.java:140)
at java.util.concurrent.FutureTask.run(FutureTask.java:266)
at java.util.concurrent.ThreadPoolExecutor.runWorker(ThreadPoolExecutor.java:1149)
at java.util.concurrent.ThreadPoolExecutor$Worker.run(ThreadPoolExecutor.java:624)
at java.lang.Thread.run(Thread.java:748)
... Removed 16 stack frames]]>
    </failure>
  </testcase> <!-- testMainPageLoadedCorrectly -->
  <testcase name="gamePlayTest" time="0.0" classname="ZulaTest">
    <ignored/>
  </testcase> <!-- gamePlayTest -->
  <testcase name="controlGoldPrices" time="0.0" classname="ZulaTest">
    <ignored/>
  </testcase> <!-- controlGoldPrices -->
  <testcase name="controlOffers" time="0.0" classname="ZulaTest">
    <ignored/>
  </testcase> <!-- controlOffers -->
</testsuite>
