<?xml version="1.0" encoding="UTF-8"?>
<!-- Generated by org.testng.reporters.JUnitXMLReporter -->
<testsuite hostname="DESKTOP-MCLVAPU" ignored="1" tests="1" failures="0" timestamp="30 Aug 2021 23:21:04 GMT" time="1.22" errors="0">
  <testcase name="@BeforeMethod loadLevel" time="0.079" classname="StartPageTest">
    <failure type="ro.altom.altunitytester.altUnityTesterExceptions.NullReferenceException" message="error:nullReferenceException
Object reference not set to an instance of an object.
  at Assets.AltUnityTester.AltUnityServer.Commands.AltUnityLoadSceneCommand.Execute () [0x00000] in &amp;lt;00000000000000000000000000000000&amp;gt;:0 
  at System.Func`1[TResult].Invoke () [0x00000] in &amp;lt;00000000000000000000000000000000&amp;gt;:0 
  at Assets.AltUnityTester.AltUnityServer.Commands.AltUnityCommand.ExecuteHandleErrors (System.Func`1[TResult] action) [0x00000] in &amp;lt;00000000000000000000000000000000&amp;gt;:0 
  at AltUnityRunner+&amp;lt;&amp;gt;c__DisplayClass30_0.&amp;lt;ClientSocketHandlerDidReadMessage&amp;gt;b__0 () [0x00000] in &amp;lt;00000000000000000000000000000000&amp;gt;:0 
  at Assets.AltUnityTester.AltUnityServer.AltSocket.SendResponse.Invoke () [0x00000] in &amp;lt;00000000000000000000000000000000&amp;gt;:0 
  at Assets.AltUnityTester.AltUnityServer.AltSocket.AltResponseQueue.Cycle () [0x00000] in &amp;lt;00000000000000000000000000000000&amp;gt;:0 ">
      <![CDATA[ro.altom.altunitytester.altUnityTesterExceptions.NullReferenceException: error:nullReferenceException
Object reference not set to an instance of an object.
  at Assets.AltUnityTester.AltUnityServer.Commands.AltUnityLoadSceneCommand.Execute () [0x00000] in <00000000000000000000000000000000>:0 
  at System.Func`1[TResult].Invoke () [0x00000] in <00000000000000000000000000000000>:0 
  at Assets.AltUnityTester.AltUnityServer.Commands.AltUnityCommand.ExecuteHandleErrors (System.Func`1[TResult] action) [0x00000] in <00000000000000000000000000000000>:0 
  at AltUnityRunner+<>c__DisplayClass30_0.<ClientSocketHandlerDidReadMessage>b__0 () [0x00000] in <00000000000000000000000000000000>:0 
  at Assets.AltUnityTester.AltUnityServer.AltSocket.SendResponse.Invoke () [0x00000] in <00000000000000000000000000000000>:0 
  at Assets.AltUnityTester.AltUnityServer.AltSocket.AltResponseQueue.Cycle () [0x00000] in <00000000000000000000000000000000>:0 
at ro.altom.altunitytester.Commands.AltBaseCommand.handleErrors(AltBaseCommand.java:150)
at ro.altom.altunitytester.Commands.AltBaseCommand.recvall(AltBaseCommand.java:75)
at ro.altom.altunitytester.Commands.UnityCommand.AltLoadScene.Execute(AltLoadScene.java:17)
at ro.altom.altunitytester.AltUnityDriver.loadScene(AltUnityDriver.java:180)
at StartPageTest.loadLevel(StartPageTest.java:32)
at java.util.concurrent.FutureTask.run(FutureTask.java:266)
at java.util.concurrent.ThreadPoolExecutor.runWorker(ThreadPoolExecutor.java:1149)
at java.util.concurrent.ThreadPoolExecutor$Worker.run(ThreadPoolExecutor.java:624)
at java.lang.Thread.run(Thread.java:748)
... Removed 19 stack frames]]>
    </failure>
  </testcase> <!-- @BeforeMethod loadLevel -->
  <testcase name="testStartButtonLoadMainMenu" time="0.0" classname="StartPageTest">
    <skipped/>
  </testcase> <!-- testStartButtonLoadMainMenu -->
  <testcase name="testStartPageLoadedCorrectly" time="0.0" classname="StartPageTest">
    <ignored/>
  </testcase> <!-- testStartPageLoadedCorrectly -->
</testsuite>
