<?xml version="1.0" encoding="UTF-8"?>
<!-- Generated by org.testng.reporters.JUnitXMLReporter -->
<testsuite hostname="DESKTOP-MCLVAPU" ignored="2" name="tests.ZulaTest" tests="1" failures="1" timestamp="2021-08-31T20:21:47 EET" time="12.131" errors="0">
  <testcase name="testMainPageLoadedCorrectly" time="0.004" classname="tests.ZulaTest">
    <failure type="java.lang.NullPointerException">
      <![CDATA[java.lang.NullPointerException
at pages.ZulaMainMenuPage.setCharacterName(ZulaMainMenuPage.java:39)
at tests.ZulaTest.testMainPageLoadedCorrectly(ZulaTest.java:31)
at java.util.ArrayList.forEach(ArrayList.java:1259)
at java.util.concurrent.FutureTask.run(FutureTask.java:266)
at java.util.concurrent.ThreadPoolExecutor.runWorker(ThreadPoolExecutor.java:1149)
at java.util.concurrent.ThreadPoolExecutor$Worker.run(ThreadPoolExecutor.java:624)
at java.lang.Thread.run(Thread.java:748)
... Removed 18 stack frames]]>
    </failure>
  </testcase> <!-- testMainPageLoadedCorrectly -->
  <testcase name="controlGoldPrices" time="0.0" classname="tests.ZulaTest">
    <ignored/>
  </testcase> <!-- controlGoldPrices -->
  <testcase name="gamePlayTest" time="0.0" classname="tests.ZulaTest">
    <ignored/>
  </testcase> <!-- gamePlayTest -->
</testsuite> <!-- tests.ZulaTest -->
