<?xml version="1.0" encoding="UTF-8"?>
<!-- Generated by org.testng.reporters.JUnitXMLReporter -->
<testsuite hostname="Keytorc.local" ignored="0" name="ZulaTest" tests="4" failures="1" timestamp="2021-09-04T12:37:51 EET" time="795.142" errors="0">
  <testcase name="@AfterMethod tearDown" time="0.003" classname="utilities.BaseTest">
    <failure type="ro.altom.altunitytester.altUnityTesterExceptions.ConnectionException" message="java.net.SocketException: Connection reset">
      <![CDATA[ro.altom.altunitytester.altUnityTesterExceptions.ConnectionException: java.net.SocketException: Connection reset
at ro.altom.altunitytester.Commands.AltBaseCommand.recvall(AltBaseCommand.java:35)
at ro.altom.altunitytester.Commands.GetPNGScreenshotCommand.Execute(GetPNGScreenshotCommand.java:26)
at ro.altom.altunitytester.AltUnityDriver.getPNGScreeshot(AltUnityDriver.java:540)
at utilities.ExtentReportUtilities.testScreenshot(ExtentReportUtilities.java:16)
at utilities.BaseTest.tearDown(BaseTest.java:85)
at java.util.ArrayList.forEach(ArrayList.java:1257)
at java.util.concurrent.FutureTask.run(FutureTask.java:266)
at java.util.concurrent.ThreadPoolExecutor.runWorker(ThreadPoolExecutor.java:1149)
at java.util.concurrent.ThreadPoolExecutor$Worker.run(ThreadPoolExecutor.java:624)
at java.lang.Thread.run(Thread.java:748)
Caused by: java.net.SocketException: Connection reset
at java.net.SocketInputStream.read(SocketInputStream.java:154)
at java.net.SocketInputStream.read(SocketInputStream.java:141)
at java.io.DataInputStream.read(DataInputStream.java:100)
at ro.altom.altunitytester.Commands.AltBaseCommand.recvall(AltBaseCommand.java:33)
... 32 more
... Removed 23 stack frames]]>
    </failure>
  </testcase> <!-- @AfterMethod tearDown -->
  <testcase name="testMainPageLoadedCorrectly" time="7.339" classname="tests.ZulaTest"/>
  <testcase name="controlOffers" time="7.835" classname="tests.ZulaTest"/>
  <testcase name="controlGoldPrices" time="6.588" classname="tests.ZulaTest"/>
  <testcase name="gamePlayTest" time="739.742" classname="tests.ZulaTest">
    <failure type="ro.altom.altunitytester.altUnityTesterExceptions.WaitTimeOutException" message="Element //EventCanvas(Clone)/ScoreBoardHUDTeamView(Clone)/SafeArea/GameMode/Mode still not found after 10.0 seconds">
      <![CDATA[ro.altom.altunitytester.altUnityTesterExceptions.WaitTimeOutException: Element //EventCanvas(Clone)/ScoreBoardHUDTeamView(Clone)/SafeArea/GameMode/Mode still not found after 10.0 seconds
at ro.altom.altunitytester.Commands.FindObject.AltWaitForObject.Execute(AltWaitForObject.java:42)
at ro.altom.altunitytester.AltUnityDriver.waitForObject(AltUnityDriver.java:498)
at pages.ZulaMatchResultPage.setGameModeText(ZulaMatchResultPage.java:33)
at tests.ZulaTest.gamePlayTest(ZulaTest.java:101)
at java.util.ArrayList.forEach(ArrayList.java:1257)
at java.util.concurrent.FutureTask.run(FutureTask.java:266)
at java.util.concurrent.ThreadPoolExecutor.runWorker(ThreadPoolExecutor.java:1149)
at java.util.concurrent.ThreadPoolExecutor$Worker.run(ThreadPoolExecutor.java:624)
at java.lang.Thread.run(Thread.java:748)
... Removed 18 stack frames]]>
    </failure>
  </testcase> <!-- gamePlayTest -->
</testsuite> <!-- ZulaTest -->
