-------------------------------------------------------------------------------
Test set: ShopTest
-------------------------------------------------------------------------------
Tests run: 4, Failures: 0, Errors: 4, Skipped: 0, Time elapsed: 2.113 sec <<< FAILURE!
testShopPageCanBeClosed(ShopTest)  Time elapsed: 0.154 sec  <<< ERROR!
ro.altom.altunitytester.altUnityTesterExceptions.NullReferenceException: error:nullReferenceException
Object reference not set to an instance of an object.
  at Assets.AltUnityTester.AltUnityServer.Commands.AltUnityLoadSceneCommand.Execute () [0x00000] in <00000000000000000000000000000000>:0 
  at System.Func`1[TResult].Invoke () [0x00000] in <00000000000000000000000000000000>:0 
  at Assets.AltUnityTester.AltUnityServer.Commands.AltUnityCommand.ExecuteHandleErrors (System.Func`1[TResult] action) [0x00000] in <00000000000000000000000000000000>:0 
  at AltUnityRunner+<>c__DisplayClass30_0.<ClientSocketHandlerDidReadMessage>b__0 () [0x00000] in <00000000000000000000000000000000>:0 
  at Assets.AltUnityTester.AltUnityServer.AltSocket.SendResponse.Invoke () [0x00000] in <00000000000000000000000000000000>:0 
  at Assets.AltUnityTester.AltUnityServer.AltSocket.AltResponseQueue.Cycle () [0x00000] in <00000000000000000000000000000000>:0 
  at AltUnityRunner.Update () [0x00000] in <00000000000000000000000000000000>:0 
	at ro.altom.altunitytester.Commands.AltBaseCommand.handleErrors(AltBaseCommand.java:150)
	at ro.altom.altunitytester.Commands.AltBaseCommand.recvall(AltBaseCommand.java:75)
	at ro.altom.altunitytester.Commands.UnityCommand.AltLoadScene.Execute(AltLoadScene.java:17)
	at ro.altom.altunitytester.AltUnityDriver.loadScene(AltUnityDriver.java:180)
	at pages.ShopPage.loadScene(ShopPage.java:32)
	at ShopTest.loadLevel(ShopTest.java:53)
	at java.base/jdk.internal.reflect.NativeMethodAccessorImpl.invoke0(Native Method)
	at java.base/jdk.internal.reflect.NativeMethodAccessorImpl.invoke(NativeMethodAccessorImpl.java:62)
	at java.base/jdk.internal.reflect.DelegatingMethodAccessorImpl.invoke(DelegatingMethodAccessorImpl.java:43)
	at java.base/java.lang.reflect.Method.invoke(Method.java:566)
	at org.junit.runners.model.FrameworkMethod$1.runReflectiveCall(FrameworkMethod.java:59)
	at org.junit.internal.runners.model.ReflectiveCallable.run(ReflectiveCallable.java:12)
	at org.junit.runners.model.FrameworkMethod.invokeExplosively(FrameworkMethod.java:56)
	at org.junit.internal.runners.statements.RunBefores.invokeMethod(RunBefores.java:33)
	at org.junit.internal.runners.statements.RunBefores.evaluate(RunBefores.java:24)
	at org.junit.runners.ParentRunner$3.evaluate(ParentRunner.java:306)
	at org.junit.runners.BlockJUnit4ClassRunner$1.evaluate(BlockJUnit4ClassRunner.java:100)
	at org.junit.runners.ParentRunner.runLeaf(ParentRunner.java:366)
	at org.junit.runners.BlockJUnit4ClassRunner.runChild(BlockJUnit4ClassRunner.java:103)
	at org.junit.runners.BlockJUnit4ClassRunner.runChild(BlockJUnit4ClassRunner.java:63)
	at org.junit.runners.ParentRunner$4.run(ParentRunner.java:331)
	at org.junit.runners.ParentRunner$1.schedule(ParentRunner.java:79)
	at org.junit.runners.ParentRunner.runChildren(ParentRunner.java:329)
	at org.junit.runners.ParentRunner.access$100(ParentRunner.java:66)
	at org.junit.runners.ParentRunner$2.evaluate(ParentRunner.java:293)
	at org.junit.internal.runners.statements.RunBefores.evaluate(RunBefores.java:26)
	at org.junit.internal.runners.statements.RunAfters.evaluate(RunAfters.java:27)
	at org.junit.runners.ParentRunner$3.evaluate(ParentRunner.java:306)
	at org.junit.runners.ParentRunner.run(ParentRunner.java:413)
	at org.apache.maven.surefire.junit4.JUnit4Provider.execute(JUnit4Provider.java:252)
	at org.apache.maven.surefire.junit4.JUnit4Provider.executeTestSet(JUnit4Provider.java:141)
	at org.apache.maven.surefire.junit4.JUnit4Provider.invoke(JUnit4Provider.java:112)
	at java.base/jdk.internal.reflect.NativeMethodAccessorImpl.invoke0(Native Method)
	at java.base/jdk.internal.reflect.NativeMethodAccessorImpl.invoke(NativeMethodAccessorImpl.java:62)
	at java.base/jdk.internal.reflect.DelegatingMethodAccessorImpl.invoke(DelegatingMethodAccessorImpl.java:43)
	at java.base/java.lang.reflect.Method.invoke(Method.java:566)
	at org.apache.maven.surefire.util.ReflectionUtils.invokeMethodWithArray(ReflectionUtils.java:189)
	at org.apache.maven.surefire.booter.ProviderFactory$ProviderProxy.invoke(ProviderFactory.java:165)
	at org.apache.maven.surefire.booter.ProviderFactory.invokeProvider(ProviderFactory.java:85)
	at org.apache.maven.surefire.booter.ForkedBooter.runSuitesInProcess(ForkedBooter.java:115)
	at org.apache.maven.surefire.booter.ForkedBooter.main(ForkedBooter.java:75)

ShopPageLoadedCorrectly(ShopTest)  Time elapsed: 0.056 sec  <<< ERROR!
ro.altom.altunitytester.altUnityTesterExceptions.NullReferenceException: error:nullReferenceException
Object reference not set to an instance of an object.
  at Assets.AltUnityTester.AltUnityServer.Commands.AltUnityLoadSceneCommand.Execute () [0x00000] in <00000000000000000000000000000000>:0 
  at System.Func`1[TResult].Invoke () [0x00000] in <00000000000000000000000000000000>:0 
  at Assets.AltUnityTester.AltUnityServer.Commands.AltUnityCommand.ExecuteHandleErrors (System.Func`1[TResult] action) [0x00000] in <00000000000000000000000000000000>:0 
  at AltUnityRunner+<>c__DisplayClass30_0.<ClientSocketHandlerDidReadMessage>b__0 () [0x00000] in <00000000000000000000000000000000>:0 
  at Assets.AltUnityTester.AltUnityServer.AltSocket.SendResponse.Invoke () [0x00000] in <00000000000000000000000000000000>:0 
  at Assets.AltUnityTester.AltUnityServer.AltSocket.AltResponseQueue.Cycle () [0x00000] in <00000000000000000000000000000000>:0 
  at AltUnityRunner.Update () [0x00000] in <00000000000000000000000000000000>:0 
	at ro.altom.altunitytester.Commands.AltBaseCommand.handleErrors(AltBaseCommand.java:150)
	at ro.altom.altunitytester.Commands.AltBaseCommand.recvall(AltBaseCommand.java:75)
	at ro.altom.altunitytester.Commands.UnityCommand.AltLoadScene.Execute(AltLoadScene.java:17)
	at ro.altom.altunitytester.AltUnityDriver.loadScene(AltUnityDriver.java:180)
	at pages.ShopPage.loadScene(ShopPage.java:32)
	at ShopTest.loadLevel(ShopTest.java:53)
	at java.base/jdk.internal.reflect.NativeMethodAccessorImpl.invoke0(Native Method)
	at java.base/jdk.internal.reflect.NativeMethodAccessorImpl.invoke(NativeMethodAccessorImpl.java:62)
	at java.base/jdk.internal.reflect.DelegatingMethodAccessorImpl.invoke(DelegatingMethodAccessorImpl.java:43)
	at java.base/java.lang.reflect.Method.invoke(Method.java:566)
	at org.junit.runners.model.FrameworkMethod$1.runReflectiveCall(FrameworkMethod.java:59)
	at org.junit.internal.runners.model.ReflectiveCallable.run(ReflectiveCallable.java:12)
	at org.junit.runners.model.FrameworkMethod.invokeExplosively(FrameworkMethod.java:56)
	at org.junit.internal.runners.statements.RunBefores.invokeMethod(RunBefores.java:33)
	at org.junit.internal.runners.statements.RunBefores.evaluate(RunBefores.java:24)
	at org.junit.runners.ParentRunner$3.evaluate(ParentRunner.java:306)
	at org.junit.runners.BlockJUnit4ClassRunner$1.evaluate(BlockJUnit4ClassRunner.java:100)
	at org.junit.runners.ParentRunner.runLeaf(ParentRunner.java:366)
	at org.junit.runners.BlockJUnit4ClassRunner.runChild(BlockJUnit4ClassRunner.java:103)
	at org.junit.runners.BlockJUnit4ClassRunner.runChild(BlockJUnit4ClassRunner.java:63)
	at org.junit.runners.ParentRunner$4.run(ParentRunner.java:331)
	at org.junit.runners.ParentRunner$1.schedule(ParentRunner.java:79)
	at org.junit.runners.ParentRunner.runChildren(ParentRunner.java:329)
	at org.junit.runners.ParentRunner.access$100(ParentRunner.java:66)
	at org.junit.runners.ParentRunner$2.evaluate(ParentRunner.java:293)
	at org.junit.internal.runners.statements.RunBefores.evaluate(RunBefores.java:26)
	at org.junit.internal.runners.statements.RunAfters.evaluate(RunAfters.java:27)
	at org.junit.runners.ParentRunner$3.evaluate(ParentRunner.java:306)
	at org.junit.runners.ParentRunner.run(ParentRunner.java:413)
	at org.apache.maven.surefire.junit4.JUnit4Provider.execute(JUnit4Provider.java:252)
	at org.apache.maven.surefire.junit4.JUnit4Provider.executeTestSet(JUnit4Provider.java:141)
	at org.apache.maven.surefire.junit4.JUnit4Provider.invoke(JUnit4Provider.java:112)
	at java.base/jdk.internal.reflect.NativeMethodAccessorImpl.invoke0(Native Method)
	at java.base/jdk.internal.reflect.NativeMethodAccessorImpl.invoke(NativeMethodAccessorImpl.java:62)
	at java.base/jdk.internal.reflect.DelegatingMethodAccessorImpl.invoke(DelegatingMethodAccessorImpl.java:43)
	at java.base/java.lang.reflect.Method.invoke(Method.java:566)
	at org.apache.maven.surefire.util.ReflectionUtils.invokeMethodWithArray(ReflectionUtils.java:189)
	at org.apache.maven.surefire.booter.ProviderFactory$ProviderProxy.invoke(ProviderFactory.java:165)
	at org.apache.maven.surefire.booter.ProviderFactory.invokeProvider(ProviderFactory.java:85)
	at org.apache.maven.surefire.booter.ForkedBooter.runSuitesInProcess(ForkedBooter.java:115)
	at org.apache.maven.surefire.booter.ForkedBooter.main(ForkedBooter.java:75)

testPremiumPopUpClosed(ShopTest)  Time elapsed: 0.263 sec  <<< ERROR!
ro.altom.altunitytester.altUnityTesterExceptions.NullReferenceException: error:nullReferenceException
Object reference not set to an instance of an object.
  at Assets.AltUnityTester.AltUnityServer.Commands.AltUnityLoadSceneCommand.Execute () [0x00000] in <00000000000000000000000000000000>:0 
  at System.Func`1[TResult].Invoke () [0x00000] in <00000000000000000000000000000000>:0 
  at Assets.AltUnityTester.AltUnityServer.Commands.AltUnityCommand.ExecuteHandleErrors (System.Func`1[TResult] action) [0x00000] in <00000000000000000000000000000000>:0 
  at AltUnityRunner+<>c__DisplayClass30_0.<ClientSocketHandlerDidReadMessage>b__0 () [0x00000] in <00000000000000000000000000000000>:0 
  at Assets.AltUnityTester.AltUnityServer.AltSocket.SendResponse.Invoke () [0x00000] in <00000000000000000000000000000000>:0 
  at Assets.AltUnityTester.AltUnityServer.AltSocket.AltResponseQueue.Cycle () [0x00000] in <00000000000000000000000000000000>:0 
  at AltUnityRunner.Update () [0x00000] in <00000000000000000000000000000000>:0 
	at ro.altom.altunitytester.Commands.AltBaseCommand.handleErrors(AltBaseCommand.java:150)
	at ro.altom.altunitytester.Commands.AltBaseCommand.recvall(AltBaseCommand.java:75)
	at ro.altom.altunitytester.Commands.UnityCommand.AltLoadScene.Execute(AltLoadScene.java:17)
	at ro.altom.altunitytester.AltUnityDriver.loadScene(AltUnityDriver.java:180)
	at pages.ShopPage.loadScene(ShopPage.java:32)
	at ShopTest.loadLevel(ShopTest.java:53)
	at java.base/jdk.internal.reflect.NativeMethodAccessorImpl.invoke0(Native Method)
	at java.base/jdk.internal.reflect.NativeMethodAccessorImpl.invoke(NativeMethodAccessorImpl.java:62)
	at java.base/jdk.internal.reflect.DelegatingMethodAccessorImpl.invoke(DelegatingMethodAccessorImpl.java:43)
	at java.base/java.lang.reflect.Method.invoke(Method.java:566)
	at org.junit.runners.model.FrameworkMethod$1.runReflectiveCall(FrameworkMethod.java:59)
	at org.junit.internal.runners.model.ReflectiveCallable.run(ReflectiveCallable.java:12)
	at org.junit.runners.model.FrameworkMethod.invokeExplosively(FrameworkMethod.java:56)
	at org.junit.internal.runners.statements.RunBefores.invokeMethod(RunBefores.java:33)
	at org.junit.internal.runners.statements.RunBefores.evaluate(RunBefores.java:24)
	at org.junit.runners.ParentRunner$3.evaluate(ParentRunner.java:306)
	at org.junit.runners.BlockJUnit4ClassRunner$1.evaluate(BlockJUnit4ClassRunner.java:100)
	at org.junit.runners.ParentRunner.runLeaf(ParentRunner.java:366)
	at org.junit.runners.BlockJUnit4ClassRunner.runChild(BlockJUnit4ClassRunner.java:103)
	at org.junit.runners.BlockJUnit4ClassRunner.runChild(BlockJUnit4ClassRunner.java:63)
	at org.junit.runners.ParentRunner$4.run(ParentRunner.java:331)
	at org.junit.runners.ParentRunner$1.schedule(ParentRunner.java:79)
	at org.junit.runners.ParentRunner.runChildren(ParentRunner.java:329)
	at org.junit.runners.ParentRunner.access$100(ParentRunner.java:66)
	at org.junit.runners.ParentRunner$2.evaluate(ParentRunner.java:293)
	at org.junit.internal.runners.statements.RunBefores.evaluate(RunBefores.java:26)
	at org.junit.internal.runners.statements.RunAfters.evaluate(RunAfters.java:27)
	at org.junit.runners.ParentRunner$3.evaluate(ParentRunner.java:306)
	at org.junit.runners.ParentRunner.run(ParentRunner.java:413)
	at org.apache.maven.surefire.junit4.JUnit4Provider.execute(JUnit4Provider.java:252)
	at org.apache.maven.surefire.junit4.JUnit4Provider.executeTestSet(JUnit4Provider.java:141)
	at org.apache.maven.surefire.junit4.JUnit4Provider.invoke(JUnit4Provider.java:112)
	at java.base/jdk.internal.reflect.NativeMethodAccessorImpl.invoke0(Native Method)
	at java.base/jdk.internal.reflect.NativeMethodAccessorImpl.invoke(NativeMethodAccessorImpl.java:62)
	at java.base/jdk.internal.reflect.DelegatingMethodAccessorImpl.invoke(DelegatingMethodAccessorImpl.java:43)
	at java.base/java.lang.reflect.Method.invoke(Method.java:566)
	at org.apache.maven.surefire.util.ReflectionUtils.invokeMethodWithArray(ReflectionUtils.java:189)
	at org.apache.maven.surefire.booter.ProviderFactory$ProviderProxy.invoke(ProviderFactory.java:165)
	at org.apache.maven.surefire.booter.ProviderFactory.invokeProvider(ProviderFactory.java:85)
	at org.apache.maven.surefire.booter.ForkedBooter.runSuitesInProcess(ForkedBooter.java:115)
	at org.apache.maven.surefire.booter.ForkedBooter.main(ForkedBooter.java:75)

testPremiumPopUpOpen(ShopTest)  Time elapsed: 0.102 sec  <<< ERROR!
ro.altom.altunitytester.altUnityTesterExceptions.NullReferenceException: error:nullReferenceException
Object reference not set to an instance of an object.
  at Assets.AltUnityTester.AltUnityServer.Commands.AltUnityLoadSceneCommand.Execute () [0x00000] in <00000000000000000000000000000000>:0 
  at System.Func`1[TResult].Invoke () [0x00000] in <00000000000000000000000000000000>:0 
  at Assets.AltUnityTester.AltUnityServer.Commands.AltUnityCommand.ExecuteHandleErrors (System.Func`1[TResult] action) [0x00000] in <00000000000000000000000000000000>:0 
  at AltUnityRunner+<>c__DisplayClass30_0.<ClientSocketHandlerDidReadMessage>b__0 () [0x00000] in <00000000000000000000000000000000>:0 
  at Assets.AltUnityTester.AltUnityServer.AltSocket.SendResponse.Invoke () [0x00000] in <00000000000000000000000000000000>:0 
  at Assets.AltUnityTester.AltUnityServer.AltSocket.AltResponseQueue.Cycle () [0x00000] in <00000000000000000000000000000000>:0 
  at AltUnityRunner.Update () [0x00000] in <00000000000000000000000000000000>:0 
	at ro.altom.altunitytester.Commands.AltBaseCommand.handleErrors(AltBaseCommand.java:150)
	at ro.altom.altunitytester.Commands.AltBaseCommand.recvall(AltBaseCommand.java:75)
	at ro.altom.altunitytester.Commands.UnityCommand.AltLoadScene.Execute(AltLoadScene.java:17)
	at ro.altom.altunitytester.AltUnityDriver.loadScene(AltUnityDriver.java:180)
	at pages.ShopPage.loadScene(ShopPage.java:32)
	at ShopTest.loadLevel(ShopTest.java:53)
	at java.base/jdk.internal.reflect.NativeMethodAccessorImpl.invoke0(Native Method)
	at java.base/jdk.internal.reflect.NativeMethodAccessorImpl.invoke(NativeMethodAccessorImpl.java:62)
	at java.base/jdk.internal.reflect.DelegatingMethodAccessorImpl.invoke(DelegatingMethodAccessorImpl.java:43)
	at java.base/java.lang.reflect.Method.invoke(Method.java:566)
	at org.junit.runners.model.FrameworkMethod$1.runReflectiveCall(FrameworkMethod.java:59)
	at org.junit.internal.runners.model.ReflectiveCallable.run(ReflectiveCallable.java:12)
	at org.junit.runners.model.FrameworkMethod.invokeExplosively(FrameworkMethod.java:56)
	at org.junit.internal.runners.statements.RunBefores.invokeMethod(RunBefores.java:33)
	at org.junit.internal.runners.statements.RunBefores.evaluate(RunBefores.java:24)
	at org.junit.runners.ParentRunner$3.evaluate(ParentRunner.java:306)
	at org.junit.runners.BlockJUnit4ClassRunner$1.evaluate(BlockJUnit4ClassRunner.java:100)
	at org.junit.runners.ParentRunner.runLeaf(ParentRunner.java:366)
	at org.junit.runners.BlockJUnit4ClassRunner.runChild(BlockJUnit4ClassRunner.java:103)
	at org.junit.runners.BlockJUnit4ClassRunner.runChild(BlockJUnit4ClassRunner.java:63)
	at org.junit.runners.ParentRunner$4.run(ParentRunner.java:331)
	at org.junit.runners.ParentRunner$1.schedule(ParentRunner.java:79)
	at org.junit.runners.ParentRunner.runChildren(ParentRunner.java:329)
	at org.junit.runners.ParentRunner.access$100(ParentRunner.java:66)
	at org.junit.runners.ParentRunner$2.evaluate(ParentRunner.java:293)
	at org.junit.internal.runners.statements.RunBefores.evaluate(RunBefores.java:26)
	at org.junit.internal.runners.statements.RunAfters.evaluate(RunAfters.java:27)
	at org.junit.runners.ParentRunner$3.evaluate(ParentRunner.java:306)
	at org.junit.runners.ParentRunner.run(ParentRunner.java:413)
	at org.apache.maven.surefire.junit4.JUnit4Provider.execute(JUnit4Provider.java:252)
	at org.apache.maven.surefire.junit4.JUnit4Provider.executeTestSet(JUnit4Provider.java:141)
	at org.apache.maven.surefire.junit4.JUnit4Provider.invoke(JUnit4Provider.java:112)
	at java.base/jdk.internal.reflect.NativeMethodAccessorImpl.invoke0(Native Method)
	at java.base/jdk.internal.reflect.NativeMethodAccessorImpl.invoke(NativeMethodAccessorImpl.java:62)
	at java.base/jdk.internal.reflect.DelegatingMethodAccessorImpl.invoke(DelegatingMethodAccessorImpl.java:43)
	at java.base/java.lang.reflect.Method.invoke(Method.java:566)
	at org.apache.maven.surefire.util.ReflectionUtils.invokeMethodWithArray(ReflectionUtils.java:189)
	at org.apache.maven.surefire.booter.ProviderFactory$ProviderProxy.invoke(ProviderFactory.java:165)
	at org.apache.maven.surefire.booter.ProviderFactory.invokeProvider(ProviderFactory.java:85)
	at org.apache.maven.surefire.booter.ForkedBooter.runSuitesInProcess(ForkedBooter.java:115)
	at org.apache.maven.surefire.booter.ForkedBooter.main(ForkedBooter.java:75)

