<?xml version="1.0" encoding="UTF-8" ?>
<testsuite tests="4" failures="0" name="ZulaTest" time="42.18" errors="4" skipped="0">
  <properties>
[...]
</properties>
  <testcase classname="ZulaTest" name="testMainPageLoadedCorrectly" time="10.669">
    <error message="Element //LobbyStateUIView(Clone)/TopBarUIView(Clone)/Canvas_TopBar/SafeArea/Panel_TopBar/Button_Profile/Content/Text_PlayerName still not found after 10.0 seconds" type="ro.altom.altunitytester.altUnityTesterExceptions.WaitTimeOutException">ro.altom.altunitytester.altUnityTesterExceptions.WaitTimeOutException: Element //LobbyStateUIView(Clone)/TopBarUIView(Clone)/Canvas_TopBar/SafeArea/Panel_TopBar/Button_Profile/Content/Text_PlayerName still not found after 10.0 seconds
	at ro.altom.altunitytester.Commands.FindObject.AltWaitForObject.Execute(AltWaitForObject.java:42)
	at ro.altom.altunitytester.AltUnityDriver.waitForObject(AltUnityDriver.java:498)
	at pages.ZulaMainMenuPage.setCharacterName(ZulaMainMenuPage.java:39)
	at ZulaTest.testMainPageLoadedCorrectly(ZulaTest.java:48)
	at java.base/jdk.internal.reflect.NativeMethodAccessorImpl.invoke0(Native Method)
	at java.base/jdk.internal.reflect.NativeMethodAccessorImpl.invoke(NativeMethodAccessorImpl.java:62)
	at java.base/jdk.internal.reflect.DelegatingMethodAccessorImpl.invoke(DelegatingMethodAccessorImpl.java:43)
	at java.base/java.lang.reflect.Method.invoke(Method.java:566)
	at org.junit.runners.model.FrameworkMethod$1.runReflectiveCall(FrameworkMethod.java:59)
	at org.junit.internal.runners.model.ReflectiveCallable.run(ReflectiveCallable.java:12)
	at org.junit.runners.model.FrameworkMethod.invokeExplosively(FrameworkMethod.java:56)
	at org.junit.internal.runners.statements.InvokeMethod.evaluate(InvokeMethod.java:17)
	at org.junit.internal.runners.statements.RunBefores.evaluate(RunBefores.java:26)
	at org.junit.runners.ParentRunner$3.evaluate(ParentRunner.java:306)
	at org.junit.runners.BlockJUnit4ClassRunner$1.evaluate(BlockJUnit4ClassRunner.java:100)
	at org.junit.runners.ParentRunner.runLeaf(ParentRunner.java:366)
	at org.junit.runners.BlockJUnit4ClassRunner.runChild(BlockJUnit4ClassRunner.java:103)
	at org.junit.runners.BlockJUnit4ClassRunner.runChild(BlockJUnit4ClassRunner.java:63)
	at org.junit.runners.ParentRunner$4.run(ParentRunner.java:331)
	at org.junit.runners.ParentRunner$1.schedule(ParentRunner.java:79)
	at org.junit.runners.ParentRunner.runChildren(ParentRunner.java:329)
	at org.junit.runners.ParentRunner.access$100(ParentRunner.java:66)
	at org.junit.runners.ParentRunner$2.evaluate(ParentRunner.java:293)
	at org.junit.internal.runners.statements.RunBefores.evaluate(RunBefores.java:26)
	at org.junit.internal.runners.statements.RunAfters.evaluate(RunAfters.java:27)
	at org.junit.runners.ParentRunner$3.evaluate(ParentRunner.java:306)
	at org.junit.runners.ParentRunner.run(ParentRunner.java:413)
	at org.apache.maven.surefire.junit4.JUnit4Provider.execute(JUnit4Provider.java:252)
	at org.apache.maven.surefire.junit4.JUnit4Provider.executeTestSet(JUnit4Provider.java:141)
	at org.apache.maven.surefire.junit4.JUnit4Provider.invoke(JUnit4Provider.java:112)
	at java.base/jdk.internal.reflect.NativeMethodAccessorImpl.invoke0(Native Method)
	at java.base/jdk.internal.reflect.NativeMethodAccessorImpl.invoke(NativeMethodAccessorImpl.java:62)
	at java.base/jdk.internal.reflect.DelegatingMethodAccessorImpl.invoke(DelegatingMethodAccessorImpl.java:43)
	at java.base/java.lang.reflect.Method.invoke(Method.java:566)
	at org.apache.maven.surefire.util.ReflectionUtils.invokeMethodWithArray(ReflectionUtils.java:189)
	at org.apache.maven.surefire.booter.ProviderFactory$ProviderProxy.invoke(ProviderFactory.java:165)
	at org.apache.maven.surefire.booter.ProviderFactory.invokeProvider(ProviderFactory.java:85)
	at org.apache.maven.surefire.booter.ForkedBooter.runSuitesInProcess(ForkedBooter.java:115)
	at org.apache.maven.surefire.booter.ForkedBooter.main(ForkedBooter.java:75)
</error>
    <system-out>Closing connection with server.
sent: 1630243335635;closeConnection&amp;
Initializing connection to 127.0.0.1:13000
sent: 1630243336652;getServerVersion&amp;
response: 1.6.4
Waiting for element where name contains //LobbyStateUIView(Clone)/TopBarUIView(Clone)/Canvas_TopBar/SafeArea/Panel_TopBar/Button_Profile/Content/Text_PlayerName....
sent: 1630243336881;findObject;//LobbyStateUIView(Clone)/TopBarUIView(Clone)/Canvas_TopBar/SafeArea/Panel_TopBar/Button_Profile/Content/Text_PlayerName;NAME;//;true&amp;
response: error:notFound
Exception thrown: error:notFound
Waiting for element where name contains //LobbyStateUIView(Clone)/TopBarUIView(Clone)/Canvas_TopBar/SafeArea/Panel_TopBar/Button_Profile/Content/Text_PlayerName....
sent: 1630243337413;findObject;//LobbyStateUIView(Clone)/TopBarUIView(Clone)/Canvas_TopBar/SafeArea/Panel_TopBar/Button_Profile/Content/Text_PlayerName;NAME;//;true&amp;
response: error:notFound
Exception thrown: error:notFound
Waiting for element where name contains //LobbyStateUIView(Clone)/TopBarUIView(Clone)/Canvas_TopBar/SafeArea/Panel_TopBar/Button_Profile/Content/Text_PlayerName....
sent: 1630243337950;findObject;//LobbyStateUIView(Clone)/TopBarUIView(Clone)/Canvas_TopBar/SafeArea/Panel_TopBar/Button_Profile/Content/Text_PlayerName;NAME;//;true&amp;
response: error:notFound
Exception thrown: error:notFound
Waiting for element where name contains //LobbyStateUIView(Clone)/TopBarUIView(Clone)/Canvas_TopBar/SafeArea/Panel_TopBar/Button_Profile/Content/Text_PlayerName....
sent: 1630243338485;findObject;//LobbyStateUIView(Clone)/TopBarUIView(Clone)/Canvas_TopBar/SafeArea/Panel_TopBar/Button_Profile/Content/Text_PlayerName;NAME;//;true&amp;
response: error:notFound
Exception thrown: error:notFound
Waiting for element where name contains //LobbyStateUIView(Clone)/TopBarUIView(Clone)/Canvas_TopBar/SafeArea/Panel_TopBar/Button_Profile/Content/Text_PlayerName....
sent: 1630243339024;findObject;//LobbyStateUIView(Clone)/TopBarUIView(Clone)/Canvas_TopBar/SafeArea/Panel_TopBar/Button_Profile/Content/Text_PlayerName;NAME;//;true&amp;
response: error:notFound
Exception thrown: error:notFound
Waiting for element where name contains //LobbyStateUIView(Clone)/TopBarUIView(Clone)/Canvas_TopBar/SafeArea/Panel_TopBar/Button_Profile/Content/Text_PlayerName....
sent: 1630243339559;findObject;//LobbyStateUIView(Clone)/TopBarUIView(Clone)/Canvas_TopBar/SafeArea/Panel_TopBar/Button_Profile/Content/Text_PlayerName;NAME;//;true&amp;
response: error:notFound
Exception thrown: error:notFound
Waiting for element where name contains //LobbyStateUIView(Clone)/TopBarUIView(Clone)/Canvas_TopBar/SafeArea/Panel_TopBar/Button_Profile/Content/Text_PlayerName....
sent: 1630243340078;findObject;//LobbyStateUIView(Clone)/TopBarUIView(Clone)/Canvas_TopBar/SafeArea/Panel_TopBar/Button_Profile/Content/Text_PlayerName;NAME;//;true&amp;
response: error:notFound
Exception thrown: error:notFound
Waiting for element where name contains //LobbyStateUIView(Clone)/TopBarUIView(Clone)/Canvas_TopBar/SafeArea/Panel_TopBar/Button_Profile/Content/Text_PlayerName....
sent: 1630243340616;findObject;//LobbyStateUIView(Clone)/TopBarUIView(Clone)/Canvas_TopBar/SafeArea/Panel_TopBar/Button_Profile/Content/Text_PlayerName;NAME;//;true&amp;
response: error:notFound
Exception thrown: error:notFound
Waiting for element where name contains //LobbyStateUIView(Clone)/TopBarUIView(Clone)/Canvas_TopBar/SafeArea/Panel_TopBar/Button_Profile/Content/Text_PlayerName....
sent: 1630243341150;findObject;//LobbyStateUIView(Clone)/TopBarUIView(Clone)/Canvas_TopBar/SafeArea/Panel_TopBar/Button_Profile/Content/Text_PlayerName;NAME;//;true&amp;
response: error:notFound
Exception thrown: error:notFound
Waiting for element where name contains //LobbyStateUIView(Clone)/TopBarUIView(Clone)/Canvas_TopBar/SafeArea/Panel_TopBar/Button_Profile/Content/Text_PlayerName....
sent: 1630243341688;findObject;//LobbyStateUIView(Clone)/TopBarUIView(Clone)/Canvas_TopBar/SafeArea/Panel_TopBar/Button_Profile/Content/Text_PlayerName;NAME;//;true&amp;
response: error:notFound
Exception thrown: error:notFound
Waiting for element where name contains //LobbyStateUIView(Clone)/TopBarUIView(Clone)/Canvas_TopBar/SafeArea/Panel_TopBar/Button_Profile/Content/Text_PlayerName....
sent: 1630243342211;findObject;//LobbyStateUIView(Clone)/TopBarUIView(Clone)/Canvas_TopBar/SafeArea/Panel_TopBar/Button_Profile/Content/Text_PlayerName;NAME;//;true&amp;
response: error:notFound
Exception thrown: error:notFound
Waiting for element where name contains //LobbyStateUIView(Clone)/TopBarUIView(Clone)/Canvas_TopBar/SafeArea/Panel_TopBar/Button_Profile/Content/Text_PlayerName....
sent: 1630243342746;findObject;//LobbyStateUIView(Clone)/TopBarUIView(Clone)/Canvas_TopBar/SafeArea/Panel_TopBar/Button_Profile/Content/Text_PlayerName;NAME;//;true&amp;
response: error:notFound
Exception thrown: error:notFound
Waiting for element where name contains //LobbyStateUIView(Clone)/TopBarUIView(Clone)/Canvas_TopBar/SafeArea/Panel_TopBar/Button_Profile/Content/Text_PlayerName....
sent: 1630243343283;findObject;//LobbyStateUIView(Clone)/TopBarUIView(Clone)/Canvas_TopBar/SafeArea/Panel_TopBar/Button_Profile/Content/Text_PlayerName;NAME;//;true&amp;
response: error:notFound
Exception thrown: error:notFound
Waiting for element where name contains //LobbyStateUIView(Clone)/TopBarUIView(Clone)/Canvas_TopBar/SafeArea/Panel_TopBar/Button_Profile/Content/Text_PlayerName....
sent: 1630243343838;findObject;//LobbyStateUIView(Clone)/TopBarUIView(Clone)/Canvas_TopBar/SafeArea/Panel_TopBar/Button_Profile/Content/Text_PlayerName;NAME;//;true&amp;
response: error:notFound
Exception thrown: error:notFound
Waiting for element where name contains //LobbyStateUIView(Clone)/TopBarUIView(Clone)/Canvas_TopBar/SafeArea/Panel_TopBar/Button_Profile/Content/Text_PlayerName....
sent: 1630243344373;findObject;//LobbyStateUIView(Clone)/TopBarUIView(Clone)/Canvas_TopBar/SafeArea/Panel_TopBar/Button_Profile/Content/Text_PlayerName;NAME;//;true&amp;
response: error:notFound
Exception thrown: error:notFound
Waiting for element where name contains //LobbyStateUIView(Clone)/TopBarUIView(Clone)/Canvas_TopBar/SafeArea/Panel_TopBar/Button_Profile/Content/Text_PlayerName....
sent: 1630243344910;findObject;//LobbyStateUIView(Clone)/TopBarUIView(Clone)/Canvas_TopBar/SafeArea/Panel_TopBar/Button_Profile/Content/Text_PlayerName;NAME;//;true&amp;
response: error:notFound
Exception thrown: error:notFound
Waiting for element where name contains //LobbyStateUIView(Clone)/TopBarUIView(Clone)/Canvas_TopBar/SafeArea/Panel_TopBar/Button_Profile/Content/Text_PlayerName....
sent: 1630243345447;findObject;//LobbyStateUIView(Clone)/TopBarUIView(Clone)/Canvas_TopBar/SafeArea/Panel_TopBar/Button_Profile/Content/Text_PlayerName;NAME;//;true&amp;
response: error:notFound
Exception thrown: error:notFound
Waiting for element where name contains //LobbyStateUIView(Clone)/TopBarUIView(Clone)/Canvas_TopBar/SafeArea/Panel_TopBar/Button_Profile/Content/Text_PlayerName....
sent: 1630243345984;findObject;//LobbyStateUIView(Clone)/TopBarUIView(Clone)/Canvas_TopBar/SafeArea/Panel_TopBar/Button_Profile/Content/Text_PlayerName;NAME;//;true&amp;
response: error:notFound
Exception thrown: error:notFound
Waiting for element where name contains //LobbyStateUIView(Clone)/TopBarUIView(Clone)/Canvas_TopBar/SafeArea/Panel_TopBar/Button_Profile/Content/Text_PlayerName....
sent: 1630243346507;findObject;//LobbyStateUIView(Clone)/TopBarUIView(Clone)/Canvas_TopBar/SafeArea/Panel_TopBar/Button_Profile/Content/Text_PlayerName;NAME;//;true&amp;
response: error:notFound
Exception thrown: error:notFound
Waiting for element where name contains //LobbyStateUIView(Clone)/TopBarUIView(Clone)/Canvas_TopBar/SafeArea/Panel_TopBar/Button_Profile/Content/Text_PlayerName....
sent: 1630243347025;findObject;//LobbyStateUIView(Clone)/TopBarUIView(Clone)/Canvas_TopBar/SafeArea/Panel_TopBar/Button_Profile/Content/Text_PlayerName;NAME;//;true&amp;
response: error:notFound
Exception thrown: error:notFound
</system-out>
  </testcase>
  <testcase classname="ZulaTest" name="controlOffers" time="10.588">
    <error message="Element //LobbyStateUIView(Clone)/PlayMenuStateUIView(Clone)/SafeArea/Button_BlackMarket/Text still not found after 10.0 seconds" type="ro.altom.altunitytester.altUnityTesterExceptions.WaitTimeOutException">ro.altom.altunitytester.altUnityTesterExceptions.WaitTimeOutException: Element //LobbyStateUIView(Clone)/PlayMenuStateUIView(Clone)/SafeArea/Button_BlackMarket/Text still not found after 10.0 seconds
	at ro.altom.altunitytester.Commands.FindObject.AltWaitForObject.Execute(AltWaitForObject.java:42)
	at ro.altom.altunitytester.AltUnityDriver.waitForObject(AltUnityDriver.java:498)
	at pages.ZulaMainMenuPage.setStoreButton(ZulaMainMenuPage.java:32)
	at ZulaTest.controlOffers(ZulaTest.java:63)
	at java.base/jdk.internal.reflect.NativeMethodAccessorImpl.invoke0(Native Method)
	at java.base/jdk.internal.reflect.NativeMethodAccessorImpl.invoke(NativeMethodAccessorImpl.java:62)
	at java.base/jdk.internal.reflect.DelegatingMethodAccessorImpl.invoke(DelegatingMethodAccessorImpl.java:43)
	at java.base/java.lang.reflect.Method.invoke(Method.java:566)
	at org.junit.runners.model.FrameworkMethod$1.runReflectiveCall(FrameworkMethod.java:59)
	at org.junit.internal.runners.model.ReflectiveCallable.run(ReflectiveCallable.java:12)
	at org.junit.runners.model.FrameworkMethod.invokeExplosively(FrameworkMethod.java:56)
	at org.junit.internal.runners.statements.InvokeMethod.evaluate(InvokeMethod.java:17)
	at org.junit.internal.runners.statements.RunBefores.evaluate(RunBefores.java:26)
	at org.junit.runners.ParentRunner$3.evaluate(ParentRunner.java:306)
	at org.junit.runners.BlockJUnit4ClassRunner$1.evaluate(BlockJUnit4ClassRunner.java:100)
	at org.junit.runners.ParentRunner.runLeaf(ParentRunner.java:366)
	at org.junit.runners.BlockJUnit4ClassRunner.runChild(BlockJUnit4ClassRunner.java:103)
	at org.junit.runners.BlockJUnit4ClassRunner.runChild(BlockJUnit4ClassRunner.java:63)
	at org.junit.runners.ParentRunner$4.run(ParentRunner.java:331)
	at org.junit.runners.ParentRunner$1.schedule(ParentRunner.java:79)
	at org.junit.runners.ParentRunner.runChildren(ParentRunner.java:329)
	at org.junit.runners.ParentRunner.access$100(ParentRunner.java:66)
	at org.junit.runners.ParentRunner$2.evaluate(ParentRunner.java:293)
	at org.junit.internal.runners.statements.RunBefores.evaluate(RunBefores.java:26)
	at org.junit.internal.runners.statements.RunAfters.evaluate(RunAfters.java:27)
	at org.junit.runners.ParentRunner$3.evaluate(ParentRunner.java:306)
	at org.junit.runners.ParentRunner.run(ParentRunner.java:413)
	at org.apache.maven.surefire.junit4.JUnit4Provider.execute(JUnit4Provider.java:252)
	at org.apache.maven.surefire.junit4.JUnit4Provider.executeTestSet(JUnit4Provider.java:141)
	at org.apache.maven.surefire.junit4.JUnit4Provider.invoke(JUnit4Provider.java:112)
	at java.base/jdk.internal.reflect.NativeMethodAccessorImpl.invoke0(Native Method)
	at java.base/jdk.internal.reflect.NativeMethodAccessorImpl.invoke(NativeMethodAccessorImpl.java:62)
	at java.base/jdk.internal.reflect.DelegatingMethodAccessorImpl.invoke(DelegatingMethodAccessorImpl.java:43)
	at java.base/java.lang.reflect.Method.invoke(Method.java:566)
	at org.apache.maven.surefire.util.ReflectionUtils.invokeMethodWithArray(ReflectionUtils.java:189)
	at org.apache.maven.surefire.booter.ProviderFactory$ProviderProxy.invoke(ProviderFactory.java:165)
	at org.apache.maven.surefire.booter.ProviderFactory.invokeProvider(ProviderFactory.java:85)
	at org.apache.maven.surefire.booter.ForkedBooter.runSuitesInProcess(ForkedBooter.java:115)
	at org.apache.maven.surefire.booter.ForkedBooter.main(ForkedBooter.java:75)
</error>
    <system-out>Waiting for element where name contains //LobbyStateUIView(Clone)/PlayMenuStateUIView(Clone)/SafeArea/Button_BlackMarket/Text....
sent: 1630243347549;findObject;//LobbyStateUIView(Clone)/PlayMenuStateUIView(Clone)/SafeArea/Button_BlackMarket/Text;NAME;//;true&amp;
response: error:notFound
Exception thrown: error:notFound
Waiting for element where name contains //LobbyStateUIView(Clone)/PlayMenuStateUIView(Clone)/SafeArea/Button_BlackMarket/Text....
sent: 1630243348083;findObject;//LobbyStateUIView(Clone)/PlayMenuStateUIView(Clone)/SafeArea/Button_BlackMarket/Text;NAME;//;true&amp;
response: error:notFound
Exception thrown: error:notFound
Waiting for element where name contains //LobbyStateUIView(Clone)/PlayMenuStateUIView(Clone)/SafeArea/Button_BlackMarket/Text....
sent: 1630243348602;findObject;//LobbyStateUIView(Clone)/PlayMenuStateUIView(Clone)/SafeArea/Button_BlackMarket/Text;NAME;//;true&amp;
response: error:notFound
Exception thrown: error:notFound
Waiting for element where name contains //LobbyStateUIView(Clone)/PlayMenuStateUIView(Clone)/SafeArea/Button_BlackMarket/Text....
sent: 1630243349133;findObject;//LobbyStateUIView(Clone)/PlayMenuStateUIView(Clone)/SafeArea/Button_BlackMarket/Text;NAME;//;true&amp;
response: error:notFound
Exception thrown: error:notFound
Waiting for element where name contains //LobbyStateUIView(Clone)/PlayMenuStateUIView(Clone)/SafeArea/Button_BlackMarket/Text....
sent: 1630243349665;findObject;//LobbyStateUIView(Clone)/PlayMenuStateUIView(Clone)/SafeArea/Button_BlackMarket/Text;NAME;//;true&amp;
response: error:notFound
Exception thrown: error:notFound
Waiting for element where name contains //LobbyStateUIView(Clone)/PlayMenuStateUIView(Clone)/SafeArea/Button_BlackMarket/Text....
sent: 1630243350215;findObject;//LobbyStateUIView(Clone)/PlayMenuStateUIView(Clone)/SafeArea/Button_BlackMarket/Text;NAME;//;true&amp;
response: error:notFound
Exception thrown: error:notFound
Waiting for element where name contains //LobbyStateUIView(Clone)/PlayMenuStateUIView(Clone)/SafeArea/Button_BlackMarket/Text....
sent: 1630243350749;findObject;//LobbyStateUIView(Clone)/PlayMenuStateUIView(Clone)/SafeArea/Button_BlackMarket/Text;NAME;//;true&amp;
response: error:notFound
Exception thrown: error:notFound
Waiting for element where name contains //LobbyStateUIView(Clone)/PlayMenuStateUIView(Clone)/SafeArea/Button_BlackMarket/Text....
sent: 1630243351268;findObject;//LobbyStateUIView(Clone)/PlayMenuStateUIView(Clone)/SafeArea/Button_BlackMarket/Text;NAME;//;true&amp;
response: error:notFound
Exception thrown: error:notFound
Waiting for element where name contains //LobbyStateUIView(Clone)/PlayMenuStateUIView(Clone)/SafeArea/Button_BlackMarket/Text....
sent: 1630243351788;findObject;//LobbyStateUIView(Clone)/PlayMenuStateUIView(Clone)/SafeArea/Button_BlackMarket/Text;NAME;//;true&amp;
response: error:notFound
Exception thrown: error:notFound
Waiting for element where name contains //LobbyStateUIView(Clone)/PlayMenuStateUIView(Clone)/SafeArea/Button_BlackMarket/Text....
sent: 1630243352325;findObject;//LobbyStateUIView(Clone)/PlayMenuStateUIView(Clone)/SafeArea/Button_BlackMarket/Text;NAME;//;true&amp;
response: error:notFound
Exception thrown: error:notFound
Waiting for element where name contains //LobbyStateUIView(Clone)/PlayMenuStateUIView(Clone)/SafeArea/Button_BlackMarket/Text....
sent: 1630243352862;findObject;//LobbyStateUIView(Clone)/PlayMenuStateUIView(Clone)/SafeArea/Button_BlackMarket/Text;NAME;//;true&amp;
response: error:notFound
Exception thrown: error:notFound
Waiting for element where name contains //LobbyStateUIView(Clone)/PlayMenuStateUIView(Clone)/SafeArea/Button_BlackMarket/Text....
sent: 1630243353377;findObject;//LobbyStateUIView(Clone)/PlayMenuStateUIView(Clone)/SafeArea/Button_BlackMarket/Text;NAME;//;true&amp;
response: error:notFound
Exception thrown: error:notFound
Waiting for element where name contains //LobbyStateUIView(Clone)/PlayMenuStateUIView(Clone)/SafeArea/Button_BlackMarket/Text....
sent: 1630243353914;findObject;//LobbyStateUIView(Clone)/PlayMenuStateUIView(Clone)/SafeArea/Button_BlackMarket/Text;NAME;//;true&amp;
response: error:notFound
Exception thrown: error:notFound
Waiting for element where name contains //LobbyStateUIView(Clone)/PlayMenuStateUIView(Clone)/SafeArea/Button_BlackMarket/Text....
sent: 1630243354447;findObject;//LobbyStateUIView(Clone)/PlayMenuStateUIView(Clone)/SafeArea/Button_BlackMarket/Text;NAME;//;true&amp;
response: error:notFound
Exception thrown: error:notFound
Waiting for element where name contains //LobbyStateUIView(Clone)/PlayMenuStateUIView(Clone)/SafeArea/Button_BlackMarket/Text....
sent: 1630243354986;findObject;//LobbyStateUIView(Clone)/PlayMenuStateUIView(Clone)/SafeArea/Button_BlackMarket/Text;NAME;//;true&amp;
response: error:notFound
Exception thrown: error:notFound
Waiting for element where name contains //LobbyStateUIView(Clone)/PlayMenuStateUIView(Clone)/SafeArea/Button_BlackMarket/Text....
sent: 1630243355517;findObject;//LobbyStateUIView(Clone)/PlayMenuStateUIView(Clone)/SafeArea/Button_BlackMarket/Text;NAME;//;true&amp;
response: error:notFound
Exception thrown: error:notFound
Waiting for element where name contains //LobbyStateUIView(Clone)/PlayMenuStateUIView(Clone)/SafeArea/Button_BlackMarket/Text....
sent: 1630243356036;findObject;//LobbyStateUIView(Clone)/PlayMenuStateUIView(Clone)/SafeArea/Button_BlackMarket/Text;NAME;//;true&amp;
response: error:notFound
Exception thrown: error:notFound
Waiting for element where name contains //LobbyStateUIView(Clone)/PlayMenuStateUIView(Clone)/SafeArea/Button_BlackMarket/Text....
sent: 1630243356561;findObject;//LobbyStateUIView(Clone)/PlayMenuStateUIView(Clone)/SafeArea/Button_BlackMarket/Text;NAME;//;true&amp;
response: error:notFound
Exception thrown: error:notFound
Waiting for element where name contains //LobbyStateUIView(Clone)/PlayMenuStateUIView(Clone)/SafeArea/Button_BlackMarket/Text....
sent: 1630243357083;findObject;//LobbyStateUIView(Clone)/PlayMenuStateUIView(Clone)/SafeArea/Button_BlackMarket/Text;NAME;//;true&amp;
response: error:notFound
Exception thrown: error:notFound
Waiting for element where name contains //LobbyStateUIView(Clone)/PlayMenuStateUIView(Clone)/SafeArea/Button_BlackMarket/Text....
sent: 1630243357618;findObject;//LobbyStateUIView(Clone)/PlayMenuStateUIView(Clone)/SafeArea/Button_BlackMarket/Text;NAME;//;true&amp;
response: error:notFound
Exception thrown: error:notFound
</system-out>
  </testcase>
  <testcase classname="ZulaTest" name="controlGoldPrices" time="10.444">
    <error message="Element //LobbyStateUIView(Clone)/TopBarUIView(Clone)/Canvas_TopBar/SafeArea/Panel_TopBar/Container_Currency/Button_HardCurrency/Image still not found after 10.0 seconds" type="ro.altom.altunitytester.altUnityTesterExceptions.WaitTimeOutException">ro.altom.altunitytester.altUnityTesterExceptions.WaitTimeOutException: Element //LobbyStateUIView(Clone)/TopBarUIView(Clone)/Canvas_TopBar/SafeArea/Panel_TopBar/Container_Currency/Button_HardCurrency/Image still not found after 10.0 seconds
	at ro.altom.altunitytester.Commands.FindObject.AltWaitForObject.Execute(AltWaitForObject.java:42)
	at ro.altom.altunitytester.AltUnityDriver.waitForObject(AltUnityDriver.java:498)
	at pages.ZulaMainMenuPage.setAddGoldButton(ZulaMainMenuPage.java:79)
	at ZulaTest.controlGoldPrices(ZulaTest.java:77)
	at java.base/jdk.internal.reflect.NativeMethodAccessorImpl.invoke0(Native Method)
	at java.base/jdk.internal.reflect.NativeMethodAccessorImpl.invoke(NativeMethodAccessorImpl.java:62)
	at java.base/jdk.internal.reflect.DelegatingMethodAccessorImpl.invoke(DelegatingMethodAccessorImpl.java:43)
	at java.base/java.lang.reflect.Method.invoke(Method.java:566)
	at org.junit.runners.model.FrameworkMethod$1.runReflectiveCall(FrameworkMethod.java:59)
	at org.junit.internal.runners.model.ReflectiveCallable.run(ReflectiveCallable.java:12)
	at org.junit.runners.model.FrameworkMethod.invokeExplosively(FrameworkMethod.java:56)
	at org.junit.internal.runners.statements.InvokeMethod.evaluate(InvokeMethod.java:17)
	at org.junit.internal.runners.statements.RunBefores.evaluate(RunBefores.java:26)
	at org.junit.runners.ParentRunner$3.evaluate(ParentRunner.java:306)
	at org.junit.runners.BlockJUnit4ClassRunner$1.evaluate(BlockJUnit4ClassRunner.java:100)
	at org.junit.runners.ParentRunner.runLeaf(ParentRunner.java:366)
	at org.junit.runners.BlockJUnit4ClassRunner.runChild(BlockJUnit4ClassRunner.java:103)
	at org.junit.runners.BlockJUnit4ClassRunner.runChild(BlockJUnit4ClassRunner.java:63)
	at org.junit.runners.ParentRunner$4.run(ParentRunner.java:331)
	at org.junit.runners.ParentRunner$1.schedule(ParentRunner.java:79)
	at org.junit.runners.ParentRunner.runChildren(ParentRunner.java:329)
	at org.junit.runners.ParentRunner.access$100(ParentRunner.java:66)
	at org.junit.runners.ParentRunner$2.evaluate(ParentRunner.java:293)
	at org.junit.internal.runners.statements.RunBefores.evaluate(RunBefores.java:26)
	at org.junit.internal.runners.statements.RunAfters.evaluate(RunAfters.java:27)
	at org.junit.runners.ParentRunner$3.evaluate(ParentRunner.java:306)
	at org.junit.runners.ParentRunner.run(ParentRunner.java:413)
	at org.apache.maven.surefire.junit4.JUnit4Provider.execute(JUnit4Provider.java:252)
	at org.apache.maven.surefire.junit4.JUnit4Provider.executeTestSet(JUnit4Provider.java:141)
	at org.apache.maven.surefire.junit4.JUnit4Provider.invoke(JUnit4Provider.java:112)
	at java.base/jdk.internal.reflect.NativeMethodAccessorImpl.invoke0(Native Method)
	at java.base/jdk.internal.reflect.NativeMethodAccessorImpl.invoke(NativeMethodAccessorImpl.java:62)
	at java.base/jdk.internal.reflect.DelegatingMethodAccessorImpl.invoke(DelegatingMethodAccessorImpl.java:43)
	at java.base/java.lang.reflect.Method.invoke(Method.java:566)
	at org.apache.maven.surefire.util.ReflectionUtils.invokeMethodWithArray(ReflectionUtils.java:189)
	at org.apache.maven.surefire.booter.ProviderFactory$ProviderProxy.invoke(ProviderFactory.java:165)
	at org.apache.maven.surefire.booter.ProviderFactory.invokeProvider(ProviderFactory.java:85)
	at org.apache.maven.surefire.booter.ForkedBooter.runSuitesInProcess(ForkedBooter.java:115)
	at org.apache.maven.surefire.booter.ForkedBooter.main(ForkedBooter.java:75)
</error>
    <system-out>Waiting for element where name contains //LobbyStateUIView(Clone)/TopBarUIView(Clone)/Canvas_TopBar/SafeArea/Panel_TopBar/Container_Currency/Button_HardCurrency/Image....
sent: 1630243358137;findObject;//LobbyStateUIView(Clone)/TopBarUIView(Clone)/Canvas_TopBar/SafeArea/Panel_TopBar/Container_Currency/Button_HardCurrency/Image;NAME;//;true&amp;
response: error:notFound
Exception thrown: error:notFound
Waiting for element where name contains //LobbyStateUIView(Clone)/TopBarUIView(Clone)/Canvas_TopBar/SafeArea/Panel_TopBar/Container_Currency/Button_HardCurrency/Image....
sent: 1630243358657;findObject;//LobbyStateUIView(Clone)/TopBarUIView(Clone)/Canvas_TopBar/SafeArea/Panel_TopBar/Container_Currency/Button_HardCurrency/Image;NAME;//;true&amp;
response: error:notFound
Exception thrown: error:notFound
Waiting for element where name contains //LobbyStateUIView(Clone)/TopBarUIView(Clone)/Canvas_TopBar/SafeArea/Panel_TopBar/Container_Currency/Button_HardCurrency/Image....
sent: 1630243359191;findObject;//LobbyStateUIView(Clone)/TopBarUIView(Clone)/Canvas_TopBar/SafeArea/Panel_TopBar/Container_Currency/Button_HardCurrency/Image;NAME;//;true&amp;
response: error:notFound
Exception thrown: error:notFound
Waiting for element where name contains //LobbyStateUIView(Clone)/TopBarUIView(Clone)/Canvas_TopBar/SafeArea/Panel_TopBar/Container_Currency/Button_HardCurrency/Image....
sent: 1630243359717;findObject;//LobbyStateUIView(Clone)/TopBarUIView(Clone)/Canvas_TopBar/SafeArea/Panel_TopBar/Container_Currency/Button_HardCurrency/Image;NAME;//;true&amp;
response: error:notFound
Exception thrown: error:notFound
Waiting for element where name contains //LobbyStateUIView(Clone)/TopBarUIView(Clone)/Canvas_TopBar/SafeArea/Panel_TopBar/Container_Currency/Button_HardCurrency/Image....
sent: 1630243360238;findObject;//LobbyStateUIView(Clone)/TopBarUIView(Clone)/Canvas_TopBar/SafeArea/Panel_TopBar/Container_Currency/Button_HardCurrency/Image;NAME;//;true&amp;
response: error:notFound
Exception thrown: error:notFound
Waiting for element where name contains //LobbyStateUIView(Clone)/TopBarUIView(Clone)/Canvas_TopBar/SafeArea/Panel_TopBar/Container_Currency/Button_HardCurrency/Image....
sent: 1630243360758;findObject;//LobbyStateUIView(Clone)/TopBarUIView(Clone)/Canvas_TopBar/SafeArea/Panel_TopBar/Container_Currency/Button_HardCurrency/Image;NAME;//;true&amp;
response: error:notFound
Exception thrown: error:notFound
Waiting for element where name contains //LobbyStateUIView(Clone)/TopBarUIView(Clone)/Canvas_TopBar/SafeArea/Panel_TopBar/Container_Currency/Button_HardCurrency/Image....
sent: 1630243361282;findObject;//LobbyStateUIView(Clone)/TopBarUIView(Clone)/Canvas_TopBar/SafeArea/Panel_TopBar/Container_Currency/Button_HardCurrency/Image;NAME;//;true&amp;
response: error:notFound
Exception thrown: error:notFound
Waiting for element where name contains //LobbyStateUIView(Clone)/TopBarUIView(Clone)/Canvas_TopBar/SafeArea/Panel_TopBar/Container_Currency/Button_HardCurrency/Image....
sent: 1630243361802;findObject;//LobbyStateUIView(Clone)/TopBarUIView(Clone)/Canvas_TopBar/SafeArea/Panel_TopBar/Container_Currency/Button_HardCurrency/Image;NAME;//;true&amp;
response: error:notFound
Exception thrown: error:notFound
Waiting for element where name contains //LobbyStateUIView(Clone)/TopBarUIView(Clone)/Canvas_TopBar/SafeArea/Panel_TopBar/Container_Currency/Button_HardCurrency/Image....
sent: 1630243362323;findObject;//LobbyStateUIView(Clone)/TopBarUIView(Clone)/Canvas_TopBar/SafeArea/Panel_TopBar/Container_Currency/Button_HardCurrency/Image;NAME;//;true&amp;
response: error:notFound
Exception thrown: error:notFound
Waiting for element where name contains //LobbyStateUIView(Clone)/TopBarUIView(Clone)/Canvas_TopBar/SafeArea/Panel_TopBar/Container_Currency/Button_HardCurrency/Image....
sent: 1630243362845;findObject;//LobbyStateUIView(Clone)/TopBarUIView(Clone)/Canvas_TopBar/SafeArea/Panel_TopBar/Container_Currency/Button_HardCurrency/Image;NAME;//;true&amp;
response: error:notFound
Exception thrown: error:notFound
Waiting for element where name contains //LobbyStateUIView(Clone)/TopBarUIView(Clone)/Canvas_TopBar/SafeArea/Panel_TopBar/Container_Currency/Button_HardCurrency/Image....
sent: 1630243363364;findObject;//LobbyStateUIView(Clone)/TopBarUIView(Clone)/Canvas_TopBar/SafeArea/Panel_TopBar/Container_Currency/Button_HardCurrency/Image;NAME;//;true&amp;
response: error:notFound
Exception thrown: error:notFound
Waiting for element where name contains //LobbyStateUIView(Clone)/TopBarUIView(Clone)/Canvas_TopBar/SafeArea/Panel_TopBar/Container_Currency/Button_HardCurrency/Image....
sent: 1630243363887;findObject;//LobbyStateUIView(Clone)/TopBarUIView(Clone)/Canvas_TopBar/SafeArea/Panel_TopBar/Container_Currency/Button_HardCurrency/Image;NAME;//;true&amp;
response: error:notFound
Exception thrown: error:notFound
Waiting for element where name contains //LobbyStateUIView(Clone)/TopBarUIView(Clone)/Canvas_TopBar/SafeArea/Panel_TopBar/Container_Currency/Button_HardCurrency/Image....
sent: 1630243364404;findObject;//LobbyStateUIView(Clone)/TopBarUIView(Clone)/Canvas_TopBar/SafeArea/Panel_TopBar/Container_Currency/Button_HardCurrency/Image;NAME;//;true&amp;
response: error:notFound
Exception thrown: error:notFound
Waiting for element where name contains //LobbyStateUIView(Clone)/TopBarUIView(Clone)/Canvas_TopBar/SafeArea/Panel_TopBar/Container_Currency/Button_HardCurrency/Image....
sent: 1630243364931;findObject;//LobbyStateUIView(Clone)/TopBarUIView(Clone)/Canvas_TopBar/SafeArea/Panel_TopBar/Container_Currency/Button_HardCurrency/Image;NAME;//;true&amp;
response: error:notFound
Exception thrown: error:notFound
Waiting for element where name contains //LobbyStateUIView(Clone)/TopBarUIView(Clone)/Canvas_TopBar/SafeArea/Panel_TopBar/Container_Currency/Button_HardCurrency/Image....
sent: 1630243365453;findObject;//LobbyStateUIView(Clone)/TopBarUIView(Clone)/Canvas_TopBar/SafeArea/Panel_TopBar/Container_Currency/Button_HardCurrency/Image;NAME;//;true&amp;
response: error:notFound
Exception thrown: error:notFound
Waiting for element where name contains //LobbyStateUIView(Clone)/TopBarUIView(Clone)/Canvas_TopBar/SafeArea/Panel_TopBar/Container_Currency/Button_HardCurrency/Image....
sent: 1630243365972;findObject;//LobbyStateUIView(Clone)/TopBarUIView(Clone)/Canvas_TopBar/SafeArea/Panel_TopBar/Container_Currency/Button_HardCurrency/Image;NAME;//;true&amp;
response: error:notFound
Exception thrown: error:notFound
Waiting for element where name contains //LobbyStateUIView(Clone)/TopBarUIView(Clone)/Canvas_TopBar/SafeArea/Panel_TopBar/Container_Currency/Button_HardCurrency/Image....
sent: 1630243366496;findObject;//LobbyStateUIView(Clone)/TopBarUIView(Clone)/Canvas_TopBar/SafeArea/Panel_TopBar/Container_Currency/Button_HardCurrency/Image;NAME;//;true&amp;
response: error:notFound
Exception thrown: error:notFound
Waiting for element where name contains //LobbyStateUIView(Clone)/TopBarUIView(Clone)/Canvas_TopBar/SafeArea/Panel_TopBar/Container_Currency/Button_HardCurrency/Image....
sent: 1630243367017;findObject;//LobbyStateUIView(Clone)/TopBarUIView(Clone)/Canvas_TopBar/SafeArea/Panel_TopBar/Container_Currency/Button_HardCurrency/Image;NAME;//;true&amp;
response: error:notFound
Exception thrown: error:notFound
Waiting for element where name contains //LobbyStateUIView(Clone)/TopBarUIView(Clone)/Canvas_TopBar/SafeArea/Panel_TopBar/Container_Currency/Button_HardCurrency/Image....
sent: 1630243367537;findObject;//LobbyStateUIView(Clone)/TopBarUIView(Clone)/Canvas_TopBar/SafeArea/Panel_TopBar/Container_Currency/Button_HardCurrency/Image;NAME;//;true&amp;
response: error:notFound
Exception thrown: error:notFound
Waiting for element where name contains //LobbyStateUIView(Clone)/TopBarUIView(Clone)/Canvas_TopBar/SafeArea/Panel_TopBar/Container_Currency/Button_HardCurrency/Image....
sent: 1630243368062;findObject;//LobbyStateUIView(Clone)/TopBarUIView(Clone)/Canvas_TopBar/SafeArea/Panel_TopBar/Container_Currency/Button_HardCurrency/Image;NAME;//;true&amp;
response: error:notFound
Exception thrown: error:notFound
</system-out>
  </testcase>
  <testcase classname="ZulaTest" name="gamePlayTest" time="10.479">
    <error message="Element //LobbyStateUIView(Clone)/TopBarUIView(Clone)/Canvas_TopBar/SafeArea/Panel_TopBar/Button_Profile/Content/Text_PlayerName still not found after 10.0 seconds" type="ro.altom.altunitytester.altUnityTesterExceptions.WaitTimeOutException">ro.altom.altunitytester.altUnityTesterExceptions.WaitTimeOutException: Element //LobbyStateUIView(Clone)/TopBarUIView(Clone)/Canvas_TopBar/SafeArea/Panel_TopBar/Button_Profile/Content/Text_PlayerName still not found after 10.0 seconds
	at ro.altom.altunitytester.Commands.FindObject.AltWaitForObject.Execute(AltWaitForObject.java:42)
	at ro.altom.altunitytester.AltUnityDriver.waitForObject(AltUnityDriver.java:498)
	at pages.ZulaMainMenuPage.setCharacterName(ZulaMainMenuPage.java:39)
	at ZulaTest.gamePlayTest(ZulaTest.java:92)
	at java.base/jdk.internal.reflect.NativeMethodAccessorImpl.invoke0(Native Method)
	at java.base/jdk.internal.reflect.NativeMethodAccessorImpl.invoke(NativeMethodAccessorImpl.java:62)
	at java.base/jdk.internal.reflect.DelegatingMethodAccessorImpl.invoke(DelegatingMethodAccessorImpl.java:43)
	at java.base/java.lang.reflect.Method.invoke(Method.java:566)
	at org.junit.runners.model.FrameworkMethod$1.runReflectiveCall(FrameworkMethod.java:59)
	at org.junit.internal.runners.model.ReflectiveCallable.run(ReflectiveCallable.java:12)
	at org.junit.runners.model.FrameworkMethod.invokeExplosively(FrameworkMethod.java:56)
	at org.junit.internal.runners.statements.InvokeMethod.evaluate(InvokeMethod.java:17)
	at org.junit.internal.runners.statements.RunBefores.evaluate(RunBefores.java:26)
	at org.junit.runners.ParentRunner$3.evaluate(ParentRunner.java:306)
	at org.junit.runners.BlockJUnit4ClassRunner$1.evaluate(BlockJUnit4ClassRunner.java:100)
	at org.junit.runners.ParentRunner.runLeaf(ParentRunner.java:366)
	at org.junit.runners.BlockJUnit4ClassRunner.runChild(BlockJUnit4ClassRunner.java:103)
	at org.junit.runners.BlockJUnit4ClassRunner.runChild(BlockJUnit4ClassRunner.java:63)
	at org.junit.runners.ParentRunner$4.run(ParentRunner.java:331)
	at org.junit.runners.ParentRunner$1.schedule(ParentRunner.java:79)
	at org.junit.runners.ParentRunner.runChildren(ParentRunner.java:329)
	at org.junit.runners.ParentRunner.access$100(ParentRunner.java:66)
	at org.junit.runners.ParentRunner$2.evaluate(ParentRunner.java:293)
	at org.junit.internal.runners.statements.RunBefores.evaluate(RunBefores.java:26)
	at org.junit.internal.runners.statements.RunAfters.evaluate(RunAfters.java:27)
	at org.junit.runners.ParentRunner$3.evaluate(ParentRunner.java:306)
	at org.junit.runners.ParentRunner.run(ParentRunner.java:413)
	at org.apache.maven.surefire.junit4.JUnit4Provider.execute(JUnit4Provider.java:252)
	at org.apache.maven.surefire.junit4.JUnit4Provider.executeTestSet(JUnit4Provider.java:141)
	at org.apache.maven.surefire.junit4.JUnit4Provider.invoke(JUnit4Provider.java:112)
	at java.base/jdk.internal.reflect.NativeMethodAccessorImpl.invoke0(Native Method)
	at java.base/jdk.internal.reflect.NativeMethodAccessorImpl.invoke(NativeMethodAccessorImpl.java:62)
	at java.base/jdk.internal.reflect.DelegatingMethodAccessorImpl.invoke(DelegatingMethodAccessorImpl.java:43)
	at java.base/java.lang.reflect.Method.invoke(Method.java:566)
	at org.apache.maven.surefire.util.ReflectionUtils.invokeMethodWithArray(ReflectionUtils.java:189)
	at org.apache.maven.surefire.booter.ProviderFactory$ProviderProxy.invoke(ProviderFactory.java:165)
	at org.apache.maven.surefire.booter.ProviderFactory.invokeProvider(ProviderFactory.java:85)
	at org.apache.maven.surefire.booter.ForkedBooter.runSuitesInProcess(ForkedBooter.java:115)
	at org.apache.maven.surefire.booter.ForkedBooter.main(ForkedBooter.java:75)
</error>
    <system-out>Waiting for element where name contains //LobbyStateUIView(Clone)/TopBarUIView(Clone)/Canvas_TopBar/SafeArea/Panel_TopBar/Button_Profile/Content/Text_PlayerName....
sent: 1630243368581;findObject;//LobbyStateUIView(Clone)/TopBarUIView(Clone)/Canvas_TopBar/SafeArea/Panel_TopBar/Button_Profile/Content/Text_PlayerName;NAME;//;true&amp;
response: error:notFound
Exception thrown: error:notFound
Waiting for element where name contains //LobbyStateUIView(Clone)/TopBarUIView(Clone)/Canvas_TopBar/SafeArea/Panel_TopBar/Button_Profile/Content/Text_PlayerName....
sent: 1630243369135;findObject;//LobbyStateUIView(Clone)/TopBarUIView(Clone)/Canvas_TopBar/SafeArea/Panel_TopBar/Button_Profile/Content/Text_PlayerName;NAME;//;true&amp;
response: error:notFound
Exception thrown: error:notFound
Waiting for element where name contains //LobbyStateUIView(Clone)/TopBarUIView(Clone)/Canvas_TopBar/SafeArea/Panel_TopBar/Button_Profile/Content/Text_PlayerName....
sent: 1630243369656;findObject;//LobbyStateUIView(Clone)/TopBarUIView(Clone)/Canvas_TopBar/SafeArea/Panel_TopBar/Button_Profile/Content/Text_PlayerName;NAME;//;true&amp;
response: error:notFound
Exception thrown: error:notFound
Waiting for element where name contains //LobbyStateUIView(Clone)/TopBarUIView(Clone)/Canvas_TopBar/SafeArea/Panel_TopBar/Button_Profile/Content/Text_PlayerName....
sent: 1630243370192;findObject;//LobbyStateUIView(Clone)/TopBarUIView(Clone)/Canvas_TopBar/SafeArea/Panel_TopBar/Button_Profile/Content/Text_PlayerName;NAME;//;true&amp;
response: error:notFound
Exception thrown: error:notFound
Waiting for element where name contains //LobbyStateUIView(Clone)/TopBarUIView(Clone)/Canvas_TopBar/SafeArea/Panel_TopBar/Button_Profile/Content/Text_PlayerName....
sent: 1630243370728;findObject;//LobbyStateUIView(Clone)/TopBarUIView(Clone)/Canvas_TopBar/SafeArea/Panel_TopBar/Button_Profile/Content/Text_PlayerName;NAME;//;true&amp;
response: error:notFound
Exception thrown: error:notFound
Waiting for element where name contains //LobbyStateUIView(Clone)/TopBarUIView(Clone)/Canvas_TopBar/SafeArea/Panel_TopBar/Button_Profile/Content/Text_PlayerName....
sent: 1630243371252;findObject;//LobbyStateUIView(Clone)/TopBarUIView(Clone)/Canvas_TopBar/SafeArea/Panel_TopBar/Button_Profile/Content/Text_PlayerName;NAME;//;true&amp;
response: error:notFound
Exception thrown: error:notFound
Waiting for element where name contains //LobbyStateUIView(Clone)/TopBarUIView(Clone)/Canvas_TopBar/SafeArea/Panel_TopBar/Button_Profile/Content/Text_PlayerName....
sent: 1630243371782;findObject;//LobbyStateUIView(Clone)/TopBarUIView(Clone)/Canvas_TopBar/SafeArea/Panel_TopBar/Button_Profile/Content/Text_PlayerName;NAME;//;true&amp;
response: error:notFound
Exception thrown: error:notFound
Waiting for element where name contains //LobbyStateUIView(Clone)/TopBarUIView(Clone)/Canvas_TopBar/SafeArea/Panel_TopBar/Button_Profile/Content/Text_PlayerName....
sent: 1630243372302;findObject;//LobbyStateUIView(Clone)/TopBarUIView(Clone)/Canvas_TopBar/SafeArea/Panel_TopBar/Button_Profile/Content/Text_PlayerName;NAME;//;true&amp;
response: error:notFound
Exception thrown: error:notFound
Waiting for element where name contains //LobbyStateUIView(Clone)/TopBarUIView(Clone)/Canvas_TopBar/SafeArea/Panel_TopBar/Button_Profile/Content/Text_PlayerName....
sent: 1630243372822;findObject;//LobbyStateUIView(Clone)/TopBarUIView(Clone)/Canvas_TopBar/SafeArea/Panel_TopBar/Button_Profile/Content/Text_PlayerName;NAME;//;true&amp;
response: error:notFound
Exception thrown: error:notFound
Waiting for element where name contains //LobbyStateUIView(Clone)/TopBarUIView(Clone)/Canvas_TopBar/SafeArea/Panel_TopBar/Button_Profile/Content/Text_PlayerName....
sent: 1630243373340;findObject;//LobbyStateUIView(Clone)/TopBarUIView(Clone)/Canvas_TopBar/SafeArea/Panel_TopBar/Button_Profile/Content/Text_PlayerName;NAME;//;true&amp;
response: error:notFound
Exception thrown: error:notFound
Waiting for element where name contains //LobbyStateUIView(Clone)/TopBarUIView(Clone)/Canvas_TopBar/SafeArea/Panel_TopBar/Button_Profile/Content/Text_PlayerName....
sent: 1630243373860;findObject;//LobbyStateUIView(Clone)/TopBarUIView(Clone)/Canvas_TopBar/SafeArea/Panel_TopBar/Button_Profile/Content/Text_PlayerName;NAME;//;true&amp;
response: error:notFound
Exception thrown: error:notFound
Waiting for element where name contains //LobbyStateUIView(Clone)/TopBarUIView(Clone)/Canvas_TopBar/SafeArea/Panel_TopBar/Button_Profile/Content/Text_PlayerName....
sent: 1630243374384;findObject;//LobbyStateUIView(Clone)/TopBarUIView(Clone)/Canvas_TopBar/SafeArea/Panel_TopBar/Button_Profile/Content/Text_PlayerName;NAME;//;true&amp;
response: error:notFound
Exception thrown: error:notFound
Waiting for element where name contains //LobbyStateUIView(Clone)/TopBarUIView(Clone)/Canvas_TopBar/SafeArea/Panel_TopBar/Button_Profile/Content/Text_PlayerName....
sent: 1630243374905;findObject;//LobbyStateUIView(Clone)/TopBarUIView(Clone)/Canvas_TopBar/SafeArea/Panel_TopBar/Button_Profile/Content/Text_PlayerName;NAME;//;true&amp;
response: error:notFound
Exception thrown: error:notFound
Waiting for element where name contains //LobbyStateUIView(Clone)/TopBarUIView(Clone)/Canvas_TopBar/SafeArea/Panel_TopBar/Button_Profile/Content/Text_PlayerName....
sent: 1630243375422;findObject;//LobbyStateUIView(Clone)/TopBarUIView(Clone)/Canvas_TopBar/SafeArea/Panel_TopBar/Button_Profile/Content/Text_PlayerName;NAME;//;true&amp;
response: error:notFound
Exception thrown: error:notFound
Waiting for element where name contains //LobbyStateUIView(Clone)/TopBarUIView(Clone)/Canvas_TopBar/SafeArea/Panel_TopBar/Button_Profile/Content/Text_PlayerName....
sent: 1630243375942;findObject;//LobbyStateUIView(Clone)/TopBarUIView(Clone)/Canvas_TopBar/SafeArea/Panel_TopBar/Button_Profile/Content/Text_PlayerName;NAME;//;true&amp;
response: error:notFound
Exception thrown: error:notFound
Waiting for element where name contains //LobbyStateUIView(Clone)/TopBarUIView(Clone)/Canvas_TopBar/SafeArea/Panel_TopBar/Button_Profile/Content/Text_PlayerName....
sent: 1630243376464;findObject;//LobbyStateUIView(Clone)/TopBarUIView(Clone)/Canvas_TopBar/SafeArea/Panel_TopBar/Button_Profile/Content/Text_PlayerName;NAME;//;true&amp;
response: error:notFound
Exception thrown: error:notFound
Waiting for element where name contains //LobbyStateUIView(Clone)/TopBarUIView(Clone)/Canvas_TopBar/SafeArea/Panel_TopBar/Button_Profile/Content/Text_PlayerName....
sent: 1630243376985;findObject;//LobbyStateUIView(Clone)/TopBarUIView(Clone)/Canvas_TopBar/SafeArea/Panel_TopBar/Button_Profile/Content/Text_PlayerName;NAME;//;true&amp;
response: error:notFound
Exception thrown: error:notFound
Waiting for element where name contains //LobbyStateUIView(Clone)/TopBarUIView(Clone)/Canvas_TopBar/SafeArea/Panel_TopBar/Button_Profile/Content/Text_PlayerName....
sent: 1630243377505;findObject;//LobbyStateUIView(Clone)/TopBarUIView(Clone)/Canvas_TopBar/SafeArea/Panel_TopBar/Button_Profile/Content/Text_PlayerName;NAME;//;true&amp;
response: error:notFound
Exception thrown: error:notFound
Waiting for element where name contains //LobbyStateUIView(Clone)/TopBarUIView(Clone)/Canvas_TopBar/SafeArea/Panel_TopBar/Button_Profile/Content/Text_PlayerName....
sent: 1630243378024;findObject;//LobbyStateUIView(Clone)/TopBarUIView(Clone)/Canvas_TopBar/SafeArea/Panel_TopBar/Button_Profile/Content/Text_PlayerName;NAME;//;true&amp;
response: error:notFound
Exception thrown: error:notFound
Waiting for element where name contains //LobbyStateUIView(Clone)/TopBarUIView(Clone)/Canvas_TopBar/SafeArea/Panel_TopBar/Button_Profile/Content/Text_PlayerName....
sent: 1630243378544;findObject;//LobbyStateUIView(Clone)/TopBarUIView(Clone)/Canvas_TopBar/SafeArea/Panel_TopBar/Button_Profile/Content/Text_PlayerName;NAME;//;true&amp;
response: error:notFound
Exception thrown: error:notFound
</system-out>
  </testcase>
</testsuite>