<?xml version="1.0" encoding="UTF-8"?>
<testsuite xmlns:xsi="http://www.w3.org/2001/XMLSchema-instance" xsi:noNamespaceSchemaLocation="https://maven.apache.org/surefire/maven-surefire-plugin/xsd/surefire-test-report.xsd" name="TestSuite" time="796.624" tests="5" errors="0" skipped="0" failures="2">
  <properties>
[...]
</properties>
  <testcase name="testMainPageLoadedCorrectly" classname="tests.ZulaTest" time="7.342"/>
  <testcase name="controlOffers" classname="tests.ZulaTest" time="7.834"/>
  <testcase name="controlGoldPrices" classname="tests.ZulaTest" time="6.591"/>
  <testcase name="gamePlayTest" classname="tests.ZulaTest" time="739.756">
    <failure message="Element //EventCanvas(Clone)/ScoreBoardHUDTeamView(Clone)/SafeArea/GameMode/Mode still not found after 10.0 seconds" type="ro.altom.altunitytester.altUnityTesterExceptions.WaitTimeOutException">ro.altom.altunitytester.altUnityTesterExceptions.WaitTimeOutException: Element //EventCanvas(Clone)/ScoreBoardHUDTeamView(Clone)/SafeArea/GameMode/Mode still not found after 10.0 seconds
	at tests.ZulaTest.gamePlayTest(ZulaTest.java:101)
</failure>
    <system-out><![CDATA[Waiting for element where name contains //LobbyStateUIView(Clone)/TopBarUIView(Clone)/Canvas_TopBar/SafeArea/Panel_TopBar/Button_Profile/Content/Text_PlayerName....
sent: 1630747531311;findObject;//LobbyStateUIView(Clone)/TopBarUIView(Clone)/Canvas_TopBar/SafeArea/Panel_TopBar/Button_Profile/Content/Text_PlayerName;NAME;//;true&
response: {"name":"Text_PlayerName","id":-22538,"x":381,"y":720,"z":0,"mobileY":0,"type":"","enabled":true,"worldX":380.859222,"worldY":720.0,"worldZ":0.0,"idCamera":-29680,"parentId":-22534,"transformParentId":-22534,"transformId":-22540}
sent: 1630747531340;getText;{"name":"Text_PlayerName","id":-22538,"x":381,"y":720,"z":0,"mobileY":0,"type":"","enabled":true,"worldX":380.85922,"worldY":720.0,"worldZ":0.0,"idCamera":-29680,"parentId":-22534,"transformParentId":-22534,"transformId":-22540}&
response: Guest-0962
sent: 1630747531397;tapObject;{"name":"Text_PlayerName","id":-22538,"x":381,"y":720,"z":0,"mobileY":0,"type":"","enabled":true,"worldX":380.85922,"worldY":720.0,"worldZ":0.0,"idCamera":-29680,"parentId":-22534,"transformParentId":-22534,"transformId":-22540};1&
response: {"name":"Text_PlayerName","id":-22538,"x":381,"y":720,"z":0,"mobileY":0,"type":"","enabled":true,"worldX":380.859222,"worldY":720.0,"worldZ":0.0,"idCamera":-49342,"parentId":-22534,"transformParentId":-22534,"transformId":-22540}
Waiting for element where name contains //PlayerProfileUIView_Low(Clone)/PlayerProfile/Popup Canvas/Top Canvas/SafeArea/Settings Panel Buttons/Viewport/Content/Graphic Panel Button/Text....
sent: 1630747534507;findObject;//PlayerProfileUIView_Low(Clone)/PlayerProfile/Popup Canvas/Top Canvas/SafeArea/Settings Panel Buttons/Viewport/Content/Graphic Panel Button/Text;NAME;//;true&
response: {"name":"Text","id":-49208,"x":997,"y":669,"z":0,"mobileY":51,"type":"","enabled":true,"worldX":996.7047,"worldY":669.1876,"worldZ":0.0,"idCamera":14558,"parentId":-49192,"transformParentId":-49192,"transformId":-49210}
sent: 1630747534547;getText;{"name":"Text","id":-49208,"x":997,"y":669,"z":0,"mobileY":51,"type":"","enabled":true,"worldX":996.7047,"worldY":669.1876,"worldZ":0.0,"idCamera":14558,"parentId":-49192,"transformParentId":-49192,"transformId":-49210}&
response: İSTATİSTİKLER
sent: 1630747534602;tapObject;{"name":"Text","id":-49208,"x":997,"y":669,"z":0,"mobileY":51,"type":"","enabled":true,"worldX":996.7047,"worldY":669.1876,"worldZ":0.0,"idCamera":14558,"parentId":-49192,"transformParentId":-49192,"transformId":-49210};1&
response: {"name":"Text","id":-49208,"x":997,"y":669,"z":0,"mobileY":51,"type":"","enabled":true,"worldX":996.7047,"worldY":669.1876,"worldZ":0.0,"idCamera":14558,"parentId":-49192,"transformParentId":-49192,"transformId":-49210}
Waiting for element where name contains //PlayerProfileUIView_Low(Clone)/PlayerProfile/Popup Canvas/Content Canvas/ScrollView_LeftRight/Viewport/Content/StatisticsUIView(Clone)/Panel 1/Matches/Matches/Count....
sent: 1630747537646;findObject;//PlayerProfileUIView_Low(Clone)/PlayerProfile/Popup Canvas/Content Canvas/ScrollView_LeftRight/Viewport/Content/StatisticsUIView(Clone)/Panel 1/Matches/Matches/Count;NAME;//;true&
response: {"name":"Count","id":-50824,"x":780,"y":523,"z":0,"mobileY":197,"type":"","enabled":true,"worldX":780.037048,"worldY":522.9811,"worldZ":0.0,"idCamera":14558,"parentId":-50810,"transformParentId":-50810,"transformId":-50826}
sent: 1630747537689;getText;{"name":"Count","id":-50824,"x":780,"y":523,"z":0,"mobileY":197,"type":"","enabled":true,"worldX":780.03705,"worldY":522.9811,"worldZ":0.0,"idCamera":14558,"parentId":-50810,"transformParentId":-50810,"transformId":-50826}&
response: 13
Waiting for element where name contains Close Button....
sent: 1630747537742;findActiveObjectByName;Close Button;NAME;//;true&
response: {"name":"Close Button","id":-49240,"x":164,"y":664,"z":0,"mobileY":56,"type":"","enabled":true,"worldX":164.169067,"worldY":663.796631,"worldZ":0.0,"idCamera":14558,"parentId":-49238,"transformParentId":-49238,"transformId":-49242}
sent: 1630747537748;tapObject;{"name":"Close Button","id":-49240,"x":164,"y":664,"z":0,"mobileY":56,"type":"","enabled":true,"worldX":164.16907,"worldY":663.79663,"worldZ":0.0,"idCamera":14558,"parentId":-49238,"transformParentId":-49238,"transformId":-49242};1&
response: {"name":"Close Button","id":-49240,"x":164,"y":664,"z":0,"mobileY":56,"type":"","enabled":true,"worldX":164.169067,"worldY":663.796631,"worldZ":0.0,"idCamera":14558,"parentId":-49238,"transformParentId":-49238,"transformId":-49242}
Waiting for element where name contains //LobbyStateUIView(Clone)/PlayMenuStateUIView(Clone)/SafeArea/Right Parent/Ready Button/Text....
sent: 1630747540788;findObject;//LobbyStateUIView(Clone)/PlayMenuStateUIView(Clone)/SafeArea/Right Parent/Ready Button/Text;NAME;//;true&
response: {"name":"Text","id":-29162,"x":1379,"y":41,"z":0,"mobileY":679,"type":"","enabled":true,"worldX":1379.10449,"worldY":40.6799927,"worldZ":0.0,"idCamera":14558,"parentId":-29154,"transformParentId":-29154,"transformId":-29164}
sent: 1630747540830;getText;{"name":"Text","id":-29162,"x":1379,"y":41,"z":0,"mobileY":679,"type":"","enabled":true,"worldX":1379.1045,"worldY":40.679993,"worldZ":0.0,"idCamera":14558,"parentId":-29154,"transformParentId":-29154,"transformId":-29164}&
response: BAŞLA
sent: 1630747540887;tapObject;{"name":"Text","id":-29162,"x":1379,"y":41,"z":0,"mobileY":679,"type":"","enabled":true,"worldX":1379.1045,"worldY":40.679993,"worldZ":0.0,"idCamera":14558,"parentId":-29154,"transformParentId":-29154,"transformId":-29164};1&
response: {"name":"Text","id":-29162,"x":1379,"y":41,"z":0,"mobileY":679,"type":"","enabled":true,"worldX":1379.10449,"worldY":40.6799927,"worldZ":0.0,"idCamera":14558,"parentId":-29154,"transformParentId":-29154,"transformId":-29164}
Waiting for element where name contains //EventCanvas(Clone)/ScoreBoardHUDTeamView(Clone)/SafeArea/GameMode/Mode....
sent: 1630748260966;findObject;//EventCanvas(Clone)/ScoreBoardHUDTeamView(Clone)/SafeArea/GameMode/Mode;NAME;//;true&
Exception thrown: java.net.SocketException: Connection reset
Waiting for element where name contains //EventCanvas(Clone)/ScoreBoardHUDTeamView(Clone)/SafeArea/GameMode/Mode....
sent: 1630748261470;findObject;//EventCanvas(Clone)/ScoreBoardHUDTeamView(Clone)/SafeArea/GameMode/Mode;NAME;//;true&
Exception thrown: java.net.SocketException: Connection reset
Waiting for element where name contains //EventCanvas(Clone)/ScoreBoardHUDTeamView(Clone)/SafeArea/GameMode/Mode....
sent: 1630748261975;findObject;//EventCanvas(Clone)/ScoreBoardHUDTeamView(Clone)/SafeArea/GameMode/Mode;NAME;//;true&
Exception thrown: java.net.SocketException: Connection reset
Waiting for element where name contains //EventCanvas(Clone)/ScoreBoardHUDTeamView(Clone)/SafeArea/GameMode/Mode....
sent: 1630748262478;findObject;//EventCanvas(Clone)/ScoreBoardHUDTeamView(Clone)/SafeArea/GameMode/Mode;NAME;//;true&
Exception thrown: java.net.SocketException: Connection reset
Waiting for element where name contains //EventCanvas(Clone)/ScoreBoardHUDTeamView(Clone)/SafeArea/GameMode/Mode....
sent: 1630748262981;findObject;//EventCanvas(Clone)/ScoreBoardHUDTeamView(Clone)/SafeArea/GameMode/Mode;NAME;//;true&
Exception thrown: java.net.SocketException: Connection reset
Waiting for element where name contains //EventCanvas(Clone)/ScoreBoardHUDTeamView(Clone)/SafeArea/GameMode/Mode....
sent: 1630748263482;findObject;//EventCanvas(Clone)/ScoreBoardHUDTeamView(Clone)/SafeArea/GameMode/Mode;NAME;//;true&
Exception thrown: java.net.SocketException: Connection reset
Waiting for element where name contains //EventCanvas(Clone)/ScoreBoardHUDTeamView(Clone)/SafeArea/GameMode/Mode....
sent: 1630748263988;findObject;//EventCanvas(Clone)/ScoreBoardHUDTeamView(Clone)/SafeArea/GameMode/Mode;NAME;//;true&
Exception thrown: java.net.SocketException: Connection reset
Waiting for element where name contains //EventCanvas(Clone)/ScoreBoardHUDTeamView(Clone)/SafeArea/GameMode/Mode....
sent: 1630748264492;findObject;//EventCanvas(Clone)/ScoreBoardHUDTeamView(Clone)/SafeArea/GameMode/Mode;NAME;//;true&
Exception thrown: java.net.SocketException: Connection reset
Waiting for element where name contains //EventCanvas(Clone)/ScoreBoardHUDTeamView(Clone)/SafeArea/GameMode/Mode....
sent: 1630748264993;findObject;//EventCanvas(Clone)/ScoreBoardHUDTeamView(Clone)/SafeArea/GameMode/Mode;NAME;//;true&
Exception thrown: java.net.SocketException: Connection reset
Waiting for element where name contains //EventCanvas(Clone)/ScoreBoardHUDTeamView(Clone)/SafeArea/GameMode/Mode....
sent: 1630748265496;findObject;//EventCanvas(Clone)/ScoreBoardHUDTeamView(Clone)/SafeArea/GameMode/Mode;NAME;//;true&
Exception thrown: java.net.SocketException: Connection reset
Waiting for element where name contains //EventCanvas(Clone)/ScoreBoardHUDTeamView(Clone)/SafeArea/GameMode/Mode....
sent: 1630748266001;findObject;//EventCanvas(Clone)/ScoreBoardHUDTeamView(Clone)/SafeArea/GameMode/Mode;NAME;//;true&
Exception thrown: java.net.SocketException: Connection reset
Waiting for element where name contains //EventCanvas(Clone)/ScoreBoardHUDTeamView(Clone)/SafeArea/GameMode/Mode....
sent: 1630748266507;findObject;//EventCanvas(Clone)/ScoreBoardHUDTeamView(Clone)/SafeArea/GameMode/Mode;NAME;//;true&
Exception thrown: java.net.SocketException: Connection reset
Waiting for element where name contains //EventCanvas(Clone)/ScoreBoardHUDTeamView(Clone)/SafeArea/GameMode/Mode....
sent: 1630748267012;findObject;//EventCanvas(Clone)/ScoreBoardHUDTeamView(Clone)/SafeArea/GameMode/Mode;NAME;//;true&
Exception thrown: java.net.SocketException: Connection reset
Waiting for element where name contains //EventCanvas(Clone)/ScoreBoardHUDTeamView(Clone)/SafeArea/GameMode/Mode....
sent: 1630748267518;findObject;//EventCanvas(Clone)/ScoreBoardHUDTeamView(Clone)/SafeArea/GameMode/Mode;NAME;//;true&
Exception thrown: java.net.SocketException: Connection reset
Waiting for element where name contains //EventCanvas(Clone)/ScoreBoardHUDTeamView(Clone)/SafeArea/GameMode/Mode....
sent: 1630748268023;findObject;//EventCanvas(Clone)/ScoreBoardHUDTeamView(Clone)/SafeArea/GameMode/Mode;NAME;//;true&
Exception thrown: java.net.SocketException: Connection reset
Waiting for element where name contains //EventCanvas(Clone)/ScoreBoardHUDTeamView(Clone)/SafeArea/GameMode/Mode....
sent: 1630748268528;findObject;//EventCanvas(Clone)/ScoreBoardHUDTeamView(Clone)/SafeArea/GameMode/Mode;NAME;//;true&
Exception thrown: java.net.SocketException: Connection reset
Waiting for element where name contains //EventCanvas(Clone)/ScoreBoardHUDTeamView(Clone)/SafeArea/GameMode/Mode....
sent: 1630748269034;findObject;//EventCanvas(Clone)/ScoreBoardHUDTeamView(Clone)/SafeArea/GameMode/Mode;NAME;//;true&
Exception thrown: java.net.SocketException: Connection reset
Waiting for element where name contains //EventCanvas(Clone)/ScoreBoardHUDTeamView(Clone)/SafeArea/GameMode/Mode....
sent: 1630748269538;findObject;//EventCanvas(Clone)/ScoreBoardHUDTeamView(Clone)/SafeArea/GameMode/Mode;NAME;//;true&
Exception thrown: java.net.SocketException: Connection reset
Waiting for element where name contains //EventCanvas(Clone)/ScoreBoardHUDTeamView(Clone)/SafeArea/GameMode/Mode....
sent: 1630748270040;findObject;//EventCanvas(Clone)/ScoreBoardHUDTeamView(Clone)/SafeArea/GameMode/Mode;NAME;//;true&
Exception thrown: java.net.SocketException: Connection reset
Waiting for element where name contains //EventCanvas(Clone)/ScoreBoardHUDTeamView(Clone)/SafeArea/GameMode/Mode....
sent: 1630748270547;findObject;//EventCanvas(Clone)/ScoreBoardHUDTeamView(Clone)/SafeArea/GameMode/Mode;NAME;//;true&
Exception thrown: java.net.SocketException: Connection reset
]]></system-out>
  </testcase>
  <testcase name="tearDown" classname="tests.ZulaTest" time="739.757">
    <failure message="java.net.SocketException: Connection reset" type="ro.altom.altunitytester.altUnityTesterExceptions.ConnectionException">ro.altom.altunitytester.altUnityTesterExceptions.ConnectionException: java.net.SocketException: Connection reset
Caused by: java.net.SocketException: Connection reset
</failure>
    <system-out><![CDATA[sent: 1630748271067;getPNGScreenshot&
]]></system-out>
  </testcase>
</testsuite>