<?xml version="1.0" encoding="UTF-8" ?>
<testsuite tests="2" failures="0" name="StartPageTest" time="0.099" errors="2" skipped="0">
  <properties>
[...]
</properties>
  <testcase classname="StartPageTest" name="testStartButtonLoadMainMenu" time="0.002">
    <error type="java.lang.NullPointerException">java.lang.NullPointerException
	at StartPageTest.testStartButtonLoadMainMenu(StartPageTest.java:101)
	at java.base/jdk.internal.reflect.NativeMethodAccessorImpl.invoke0(Native Method)
	at java.base/jdk.internal.reflect.NativeMethodAccessorImpl.invoke(NativeMethodAccessorImpl.java:62)
	at java.base/jdk.internal.reflect.DelegatingMethodAccessorImpl.invoke(DelegatingMethodAccessorImpl.java:43)
	at java.base/java.lang.reflect.Method.invoke(Method.java:566)
	at org.junit.runners.model.FrameworkMethod$1.runReflectiveCall(FrameworkMethod.java:59)
	at org.junit.internal.runners.model.ReflectiveCallable.run(ReflectiveCallable.java:12)
	at org.junit.runners.model.FrameworkMethod.invokeExplosively(FrameworkMethod.java:56)
	at org.junit.internal.runners.statements.InvokeMethod.evaluate(InvokeMethod.java:17)
	at org.junit.internal.runners.statements.RunAfters.evaluate(RunAfters.java:27)
	at org.junit.runners.ParentRunner$3.evaluate(ParentRunner.java:306)
	at org.junit.runners.BlockJUnit4ClassRunner$1.evaluate(BlockJUnit4ClassRunner.java:100)
	at org.junit.runners.ParentRunner.runLeaf(ParentRunner.java:366)
	at org.junit.runners.BlockJUnit4ClassRunner.runChild(BlockJUnit4ClassRunner.java:103)
	at org.junit.runners.BlockJUnit4ClassRunner.runChild(BlockJUnit4ClassRunner.java:63)
	at org.junit.runners.ParentRunner$4.run(ParentRunner.java:331)
	at org.junit.runners.ParentRunner$1.schedule(ParentRunner.java:79)
	at org.junit.runners.ParentRunner.runChildren(ParentRunner.java:329)
	at org.junit.runners.ParentRunner.access$100(ParentRunner.java:66)
	at org.junit.runners.ParentRunner$2.evaluate(ParentRunner.java:293)
	at org.junit.internal.runners.statements.RunBefores.evaluate(RunBefores.java:26)
	at org.junit.internal.runners.statements.RunAfters.evaluate(RunAfters.java:27)
	at org.junit.runners.ParentRunner$3.evaluate(ParentRunner.java:306)
	at org.junit.runners.ParentRunner.run(ParentRunner.java:413)
	at org.apache.maven.surefire.junit4.JUnit4Provider.execute(JUnit4Provider.java:252)
	at org.apache.maven.surefire.junit4.JUnit4Provider.executeTestSet(JUnit4Provider.java:141)
	at org.apache.maven.surefire.junit4.JUnit4Provider.invoke(JUnit4Provider.java:112)
	at java.base/jdk.internal.reflect.NativeMethodAccessorImpl.invoke0(Native Method)
	at java.base/jdk.internal.reflect.NativeMethodAccessorImpl.invoke(NativeMethodAccessorImpl.java:62)
	at java.base/jdk.internal.reflect.DelegatingMethodAccessorImpl.invoke(DelegatingMethodAccessorImpl.java:43)
	at java.base/java.lang.reflect.Method.invoke(Method.java:566)
	at org.apache.maven.surefire.util.ReflectionUtils.invokeMethodWithArray(ReflectionUtils.java:189)
	at org.apache.maven.surefire.booter.ProviderFactory$ProviderProxy.invoke(ProviderFactory.java:165)
	at org.apache.maven.surefire.booter.ProviderFactory.invokeProvider(ProviderFactory.java:85)
	at org.apache.maven.surefire.booter.ForkedBooter.runSuitesInProcess(ForkedBooter.java:115)
	at org.apache.maven.surefire.booter.ForkedBooter.main(ForkedBooter.java:75)
</error>
    <system-out>Closing connection with server.
sent: 1630243333216;closeConnection&amp;
Initializing connection to 127.0.0.1:13000
sent: 1630243335239;getServerVersion&amp;
response: 1.6.4
</system-out>
  </testcase>
  <testcase classname="StartPageTest" name="testStartPageLoadedCorrectly" time="0.097">
    <error message="error:nullReferenceException
Object reference not set to an instance of an object.
  at Assets.AltUnityTester.AltUnityServer.Commands.AltUnityLoadSceneCommand.Execute () [0x00000] in &lt;00000000000000000000000000000000&gt;:0 
  at System.Func`1[TResult].Invoke () [0x00000] in &lt;00000000000000000000000000000000&gt;:0 
  at Assets.AltUnityTester.AltUnityServer.Commands.AltUnityCommand.ExecuteHandleErrors (System.Func`1[TResult] action) [0x00000] in &lt;00000000000000000000000000000000&gt;:0 
  at AltUnityRunner+&lt;&gt;c__DisplayClass30_0.&lt;ClientSocketHandlerDidReadMessage&gt;b__0 () [0x00000] in &lt;00000000000000000000000000000000&gt;:0 
  at Assets.AltUnityTester.AltUnityServer.AltSocket.SendResponse.Invoke () [0x00000] in &lt;00000000000000000000000000000000&gt;:0 
  at Assets.AltUnityTester.AltUnityServer.AltSocket.AltResponseQueue.Cycle () [0x00000] in &lt;00000000000000000000000000000000&gt;:0 
  at AltUnityRunner.Update () [0x00000] in &lt;00000000000000000000000000000000&gt;:0 " type="ro.altom.altunitytester.altUnityTesterExceptions.NullReferenceException">ro.altom.altunitytester.altUnityTesterExceptions.NullReferenceException: error:nullReferenceException
Object reference not set to an instance of an object.
  at Assets.AltUnityTester.AltUnityServer.Commands.AltUnityLoadSceneCommand.Execute () [0x00000] in &lt;00000000000000000000000000000000&gt;:0 
  at System.Func`1[TResult].Invoke () [0x00000] in &lt;00000000000000000000000000000000&gt;:0 
  at Assets.AltUnityTester.AltUnityServer.Commands.AltUnityCommand.ExecuteHandleErrors (System.Func`1[TResult] action) [0x00000] in &lt;00000000000000000000000000000000&gt;:0 
  at AltUnityRunner+&lt;&gt;c__DisplayClass30_0.&lt;ClientSocketHandlerDidReadMessage&gt;b__0 () [0x00000] in &lt;00000000000000000000000000000000&gt;:0 
  at Assets.AltUnityTester.AltUnityServer.AltSocket.SendResponse.Invoke () [0x00000] in &lt;00000000000000000000000000000000&gt;:0 
  at Assets.AltUnityTester.AltUnityServer.AltSocket.AltResponseQueue.Cycle () [0x00000] in &lt;00000000000000000000000000000000&gt;:0 
  at AltUnityRunner.Update () [0x00000] in &lt;00000000000000000000000000000000&gt;:0 
	at ro.altom.altunitytester.Commands.AltBaseCommand.handleErrors(AltBaseCommand.java:150)
	at ro.altom.altunitytester.Commands.AltBaseCommand.recvall(AltBaseCommand.java:75)
	at ro.altom.altunitytester.Commands.UnityCommand.AltLoadScene.Execute(AltLoadScene.java:17)
	at ro.altom.altunitytester.AltUnityDriver.loadScene(AltUnityDriver.java:180)
	at StartPageTest.testStartPageLoadedCorrectly(StartPageTest.java:87)
	at java.base/jdk.internal.reflect.NativeMethodAccessorImpl.invoke0(Native Method)
	at java.base/jdk.internal.reflect.NativeMethodAccessorImpl.invoke(NativeMethodAccessorImpl.java:62)
	at java.base/jdk.internal.reflect.DelegatingMethodAccessorImpl.invoke(DelegatingMethodAccessorImpl.java:43)
	at java.base/java.lang.reflect.Method.invoke(Method.java:566)
	at org.junit.runners.model.FrameworkMethod$1.runReflectiveCall(FrameworkMethod.java:59)
	at org.junit.internal.runners.model.ReflectiveCallable.run(ReflectiveCallable.java:12)
	at org.junit.runners.model.FrameworkMethod.invokeExplosively(FrameworkMethod.java:56)
	at org.junit.internal.runners.statements.InvokeMethod.evaluate(InvokeMethod.java:17)
	at org.junit.internal.runners.statements.RunAfters.evaluate(RunAfters.java:27)
	at org.junit.runners.ParentRunner$3.evaluate(ParentRunner.java:306)
	at org.junit.runners.BlockJUnit4ClassRunner$1.evaluate(BlockJUnit4ClassRunner.java:100)
	at org.junit.runners.ParentRunner.runLeaf(ParentRunner.java:366)
	at org.junit.runners.BlockJUnit4ClassRunner.runChild(BlockJUnit4ClassRunner.java:103)
	at org.junit.runners.BlockJUnit4ClassRunner.runChild(BlockJUnit4ClassRunner.java:63)
	at org.junit.runners.ParentRunner$4.run(ParentRunner.java:331)
	at org.junit.runners.ParentRunner$1.schedule(ParentRunner.java:79)
	at org.junit.runners.ParentRunner.runChildren(ParentRunner.java:329)
	at org.junit.runners.ParentRunner.access$100(ParentRunner.java:66)
	at org.junit.runners.ParentRunner$2.evaluate(ParentRunner.java:293)
	at org.junit.internal.runners.statements.RunBefores.evaluate(RunBefores.java:26)
	at org.junit.internal.runners.statements.RunAfters.evaluate(RunAfters.java:27)
	at org.junit.runners.ParentRunner$3.evaluate(ParentRunner.java:306)
	at org.junit.runners.ParentRunner.run(ParentRunner.java:413)
	at org.apache.maven.surefire.junit4.JUnit4Provider.execute(JUnit4Provider.java:252)
	at org.apache.maven.surefire.junit4.JUnit4Provider.executeTestSet(JUnit4Provider.java:141)
	at org.apache.maven.surefire.junit4.JUnit4Provider.invoke(JUnit4Provider.java:112)
	at java.base/jdk.internal.reflect.NativeMethodAccessorImpl.invoke0(Native Method)
	at java.base/jdk.internal.reflect.NativeMethodAccessorImpl.invoke(NativeMethodAccessorImpl.java:62)
	at java.base/jdk.internal.reflect.DelegatingMethodAccessorImpl.invoke(DelegatingMethodAccessorImpl.java:43)
	at java.base/java.lang.reflect.Method.invoke(Method.java:566)
	at org.apache.maven.surefire.util.ReflectionUtils.invokeMethodWithArray(ReflectionUtils.java:189)
	at org.apache.maven.surefire.booter.ProviderFactory$ProviderProxy.invoke(ProviderFactory.java:165)
	at org.apache.maven.surefire.booter.ProviderFactory.invokeProvider(ProviderFactory.java:85)
	at org.apache.maven.surefire.booter.ForkedBooter.runSuitesInProcess(ForkedBooter.java:115)
	at org.apache.maven.surefire.booter.ForkedBooter.main(ForkedBooter.java:75)
</error>
    <system-out>sent: 1630243335538;loadScene;Start;true&amp;
response: error:nullReferenceException
Object reference not set to an instance of an object.
  at Assets.AltUnityTester.AltUnityServer.Commands.AltUnityLoadSceneCommand.Execute () [0x00000] in &lt;00000000000000000000000000000000&gt;:0 
  at System.Func`1[TResult].Invoke () [0x00000] in &lt;00000000000000000000000000000000&gt;:0 
  at Assets.AltUnityTester.AltUnityServer.Commands.AltUnityCommand.ExecuteHandleErrors (System.Func`1[TResult] action) [0x00000] in &lt;00000000000000000000000000000000&gt;:0 
  at AltUnityRunner+&lt;&gt;c__DisplayClass30_0.&lt;ClientSocketHandlerDidReadMessage&gt;b__0 () [0x00000] in &lt;00000000000000000000000000000000&gt;:0 
  at Assets.AltUnityTester.AltUnityServer.AltSocket.SendResponse.Invoke () [0x00000] in &lt;00000000000000000000000000000000&gt;:0 
  at Assets.AltUnityTester.AltUnityServer.AltSocket.AltResponseQueue.Cycle () [0x00000] in &lt;00000000000000000000000000000000&gt;:0 
  at AltUnityRunner.Update () [0x00000] in &lt;00000000000000000000000000000000&gt;:0 
</system-out>
  </testcase>
</testsuite>